{"/Users/angelayachboadas/git/wpjs-api/src/index.test.ts": {"path":"/Users/angelayachboadas/git/wpjs-api/src/index.test.ts","all":false,"statementMap":{"0":{"start":{"line":1,"column":0},"end":{"line":1,"column":46}},"1":{"start":{"line":2,"column":0},"end":{"line":2,"column":51}},"2":{"start":{"line":3,"column":0},"end":{"line":3,"column":50}},"3":{"start":{"line":4,"column":0},"end":{"line":4,"column":51}},"4":{"start":{"line":5,"column":0},"end":{"line":5,"column":42}},"6":{"start":{"line":7,"column":0},"end":{"line":7,"column":45}},"7":{"start":{"line":8,"column":0},"end":{"line":8,"column":40}},"9":{"start":{"line":10,"column":0},"end":{"line":10,"column":42}},"10":{"start":{"line":11,"column":0},"end":{"line":11,"column":64}},"11":{"start":{"line":12,"column":0},"end":{"line":12,"column":54}},"13":{"start":{"line":14,"column":0},"end":{"line":14,"column":48}},"14":{"start":{"line":15,"column":0},"end":{"line":15,"column":47}},"15":{"start":{"line":16,"column":0},"end":{"line":16,"column":50}},"16":{"start":{"line":17,"column":0},"end":{"line":17,"column":50}},"17":{"start":{"line":18,"column":0},"end":{"line":18,"column":50}},"18":{"start":{"line":19,"column":0},"end":{"line":19,"column":56}},"19":{"start":{"line":20,"column":0},"end":{"line":20,"column":51}},"20":{"start":{"line":21,"column":0},"end":{"line":21,"column":49}},"21":{"start":{"line":22,"column":0},"end":{"line":22,"column":7}},"22":{"start":{"line":23,"column":0},"end":{"line":23,"column":5}},"24":{"start":{"line":25,"column":0},"end":{"line":25,"column":41}},"25":{"start":{"line":26,"column":0},"end":{"line":26,"column":64}},"26":{"start":{"line":27,"column":0},"end":{"line":27,"column":53}},"28":{"start":{"line":29,"column":0},"end":{"line":29,"column":48}},"29":{"start":{"line":30,"column":0},"end":{"line":30,"column":47}},"30":{"start":{"line":31,"column":0},"end":{"line":31,"column":50}},"31":{"start":{"line":32,"column":0},"end":{"line":32,"column":50}},"32":{"start":{"line":33,"column":0},"end":{"line":33,"column":50}},"33":{"start":{"line":34,"column":0},"end":{"line":34,"column":56}},"34":{"start":{"line":35,"column":0},"end":{"line":35,"column":7}},"35":{"start":{"line":36,"column":0},"end":{"line":36,"column":5}},"36":{"start":{"line":37,"column":0},"end":{"line":37,"column":42}},"37":{"start":{"line":38,"column":0},"end":{"line":38,"column":64}},"38":{"start":{"line":39,"column":0},"end":{"line":39,"column":54}},"40":{"start":{"line":41,"column":0},"end":{"line":41,"column":48}},"41":{"start":{"line":42,"column":0},"end":{"line":42,"column":47}},"42":{"start":{"line":43,"column":0},"end":{"line":43,"column":50}},"43":{"start":{"line":44,"column":0},"end":{"line":44,"column":50}},"44":{"start":{"line":45,"column":0},"end":{"line":45,"column":50}},"45":{"start":{"line":46,"column":0},"end":{"line":46,"column":51}},"46":{"start":{"line":47,"column":0},"end":{"line":47,"column":49}},"47":{"start":{"line":48,"column":0},"end":{"line":48,"column":7}},"48":{"start":{"line":49,"column":0},"end":{"line":49,"column":5}},"50":{"start":{"line":51,"column":0},"end":{"line":51,"column":32}},"51":{"start":{"line":52,"column":0},"end":{"line":52,"column":47}},"52":{"start":{"line":53,"column":0},"end":{"line":53,"column":54}},"54":{"start":{"line":55,"column":0},"end":{"line":55,"column":42}},"55":{"start":{"line":56,"column":0},"end":{"line":56,"column":47}},"56":{"start":{"line":57,"column":0},"end":{"line":57,"column":37}},"57":{"start":{"line":58,"column":0},"end":{"line":58,"column":42}},"58":{"start":{"line":59,"column":0},"end":{"line":59,"column":7}},"59":{"start":{"line":60,"column":0},"end":{"line":60,"column":5}},"61":{"start":{"line":62,"column":0},"end":{"line":62,"column":29}},"62":{"start":{"line":63,"column":0},"end":{"line":63,"column":52}},"63":{"start":{"line":64,"column":0},"end":{"line":64,"column":74}},"65":{"start":{"line":66,"column":0},"end":{"line":66,"column":39}},"66":{"start":{"line":67,"column":0},"end":{"line":67,"column":52}},"67":{"start":{"line":68,"column":0},"end":{"line":68,"column":7}},"69":{"start":{"line":70,"column":0},"end":{"line":70,"column":50}},"70":{"start":{"line":71,"column":0},"end":{"line":71,"column":78}},"71":{"start":{"line":72,"column":0},"end":{"line":72,"column":20}},"72":{"start":{"line":73,"column":0},"end":{"line":73,"column":8}},"74":{"start":{"line":75,"column":0},"end":{"line":75,"column":46}},"75":{"start":{"line":76,"column":0},"end":{"line":76,"column":55}},"76":{"start":{"line":77,"column":0},"end":{"line":77,"column":55}},"77":{"start":{"line":78,"column":0},"end":{"line":78,"column":7}},"79":{"start":{"line":80,"column":0},"end":{"line":80,"column":59}},"80":{"start":{"line":81,"column":0},"end":{"line":81,"column":13}},"81":{"start":{"line":82,"column":0},"end":{"line":82,"column":29}},"82":{"start":{"line":83,"column":0},"end":{"line":83,"column":28}},"83":{"start":{"line":84,"column":0},"end":{"line":84,"column":29}},"84":{"start":{"line":85,"column":0},"end":{"line":85,"column":32}},"85":{"start":{"line":86,"column":0},"end":{"line":86,"column":32}},"86":{"start":{"line":87,"column":0},"end":{"line":87,"column":28}},"87":{"start":{"line":88,"column":0},"end":{"line":88,"column":34}},"88":{"start":{"line":89,"column":0},"end":{"line":89,"column":29}},"89":{"start":{"line":90,"column":0},"end":{"line":90,"column":28}},"90":{"start":{"line":91,"column":0},"end":{"line":91,"column":32}},"91":{"start":{"line":92,"column":0},"end":{"line":92,"column":33}},"92":{"start":{"line":93,"column":0},"end":{"line":93,"column":36}},"93":{"start":{"line":94,"column":0},"end":{"line":94,"column":32}},"95":{"start":{"line":96,"column":0},"end":{"line":96,"column":58}},"96":{"start":{"line":97,"column":0},"end":{"line":97,"column":57}},"97":{"start":{"line":98,"column":0},"end":{"line":98,"column":58}},"98":{"start":{"line":99,"column":0},"end":{"line":99,"column":61}},"99":{"start":{"line":100,"column":0},"end":{"line":100,"column":61}},"100":{"start":{"line":101,"column":0},"end":{"line":101,"column":57}},"101":{"start":{"line":102,"column":0},"end":{"line":102,"column":63}},"102":{"start":{"line":103,"column":0},"end":{"line":103,"column":58}},"103":{"start":{"line":104,"column":0},"end":{"line":104,"column":57}},"104":{"start":{"line":105,"column":0},"end":{"line":105,"column":61}},"105":{"start":{"line":106,"column":0},"end":{"line":106,"column":62}},"106":{"start":{"line":107,"column":0},"end":{"line":107,"column":65}},"107":{"start":{"line":108,"column":0},"end":{"line":108,"column":7}},"108":{"start":{"line":109,"column":0},"end":{"line":109,"column":5}},"109":{"start":{"line":110,"column":0},"end":{"line":110,"column":3}}},"s":{"0":1,"1":1,"2":1,"3":1,"4":1,"6":1,"7":1,"9":1,"10":1,"11":1,"13":1,"14":1,"15":1,"16":1,"17":1,"18":1,"19":1,"20":1,"21":1,"22":1,"24":1,"25":1,"26":1,"28":1,"29":1,"30":1,"31":1,"32":1,"33":1,"34":1,"35":1,"36":1,"37":1,"38":1,"40":1,"41":1,"42":1,"43":1,"44":1,"45":1,"46":1,"47":1,"48":1,"50":1,"51":1,"52":1,"54":1,"55":1,"56":1,"57":1,"58":1,"59":1,"61":1,"62":1,"63":1,"65":1,"66":1,"67":1,"69":1,"70":1,"71":1,"72":1,"74":1,"75":1,"76":1,"77":1,"79":1,"80":1,"81":1,"82":1,"83":1,"84":1,"85":1,"86":1,"87":1,"88":1,"89":1,"90":1,"91":1,"92":1,"93":1,"95":1,"96":1,"97":1,"98":1,"99":1,"100":1,"101":1,"102":1,"103":1,"104":1,"105":1,"106":1,"107":1,"108":1,"109":1},"branchMap":{"0":{"type":"branch","line":7,"loc":{"start":{"line":7,"column":38},"end":{"line":110,"column":3}},"locations":[{"start":{"line":7,"column":38},"end":{"line":110,"column":3}}]},"1":{"type":"branch","line":10,"loc":{"start":{"line":10,"column":35},"end":{"line":23,"column":3}},"locations":[{"start":{"line":10,"column":35},"end":{"line":23,"column":3}}]},"2":{"type":"branch","line":11,"loc":{"start":{"line":11,"column":57},"end":{"line":22,"column":5}},"locations":[{"start":{"line":11,"column":57},"end":{"line":22,"column":5}}]},"3":{"type":"branch","line":25,"loc":{"start":{"line":25,"column":34},"end":{"line":36,"column":3}},"locations":[{"start":{"line":25,"column":34},"end":{"line":36,"column":3}}]},"4":{"type":"branch","line":26,"loc":{"start":{"line":26,"column":57},"end":{"line":35,"column":5}},"locations":[{"start":{"line":26,"column":57},"end":{"line":35,"column":5}}]},"5":{"type":"branch","line":37,"loc":{"start":{"line":37,"column":35},"end":{"line":49,"column":3}},"locations":[{"start":{"line":37,"column":35},"end":{"line":49,"column":3}}]},"6":{"type":"branch","line":38,"loc":{"start":{"line":38,"column":57},"end":{"line":48,"column":5}},"locations":[{"start":{"line":38,"column":57},"end":{"line":48,"column":5}}]},"7":{"type":"branch","line":51,"loc":{"start":{"line":51,"column":25},"end":{"line":60,"column":3}},"locations":[{"start":{"line":51,"column":25},"end":{"line":60,"column":3}}]},"8":{"type":"branch","line":52,"loc":{"start":{"line":52,"column":40},"end":{"line":59,"column":5}},"locations":[{"start":{"line":52,"column":40},"end":{"line":59,"column":5}}]},"9":{"type":"branch","line":62,"loc":{"start":{"line":62,"column":22},"end":{"line":109,"column":3}},"locations":[{"start":{"line":62,"column":22},"end":{"line":109,"column":3}}]},"10":{"type":"branch","line":63,"loc":{"start":{"line":63,"column":39},"end":{"line":68,"column":5}},"locations":[{"start":{"line":63,"column":39},"end":{"line":68,"column":5}}]},"11":{"type":"branch","line":70,"loc":{"start":{"line":70,"column":37},"end":{"line":78,"column":5}},"locations":[{"start":{"line":70,"column":37},"end":{"line":78,"column":5}}]},"12":{"type":"branch","line":80,"loc":{"start":{"line":80,"column":46},"end":{"line":108,"column":5}},"locations":[{"start":{"line":80,"column":46},"end":{"line":108,"column":5}}]}},"b":{"0":[1],"1":[1],"2":[1],"3":[1],"4":[1],"5":[1],"6":[1],"7":[1],"8":[1],"9":[1],"10":[1],"11":[1],"12":[1]},"fnMap":{},"f":{}}
,"/Users/angelayachboadas/git/wpjs-api/src/index.ts": {"path":"/Users/angelayachboadas/git/wpjs-api/src/index.ts","all":true,"statementMap":{"0":{"start":{"line":1,"column":0},"end":{"line":1,"column":37}},"1":{"start":{"line":2,"column":0},"end":{"line":2,"column":22}},"4":{"start":{"line":5,"column":0},"end":{"line":5,"column":23}}},"s":{"0":0,"1":0,"4":0},"branchMap":{"0":{"type":"branch","line":1,"loc":{"start":{"line":1,"column":130},"end":{"line":5,"column":23}},"locations":[{"start":{"line":1,"column":130},"end":{"line":5,"column":23}}]}},"b":{"0":[0]},"fnMap":{"0":{"name":"(empty-report)","decl":{"start":{"line":1,"column":130},"end":{"line":5,"column":23}},"loc":{"start":{"line":1,"column":130},"end":{"line":5,"column":23}},"line":1}},"f":{"0":0}}
,"/Users/angelayachboadas/git/wpjs-api/src/api/abort.test.ts": {"path":"/Users/angelayachboadas/git/wpjs-api/src/api/abort.test.ts","all":false,"statementMap":{"0":{"start":{"line":1,"column":0},"end":{"line":1,"column":73}},"1":{"start":{"line":2,"column":0},"end":{"line":2,"column":60}},"3":{"start":{"line":4,"column":0},"end":{"line":4,"column":43}},"4":{"start":{"line":5,"column":0},"end":{"line":5,"column":48}},"5":{"start":{"line":6,"column":0},"end":{"line":6,"column":30}},"7":{"start":{"line":8,"column":0},"end":{"line":8,"column":20}},"9":{"start":{"line":10,"column":0},"end":{"line":10,"column":27}},"10":{"start":{"line":11,"column":0},"end":{"line":11,"column":5}},"12":{"start":{"line":13,"column":0},"end":{"line":13,"column":19}},"13":{"start":{"line":14,"column":0},"end":{"line":14,"column":25}},"14":{"start":{"line":15,"column":0},"end":{"line":15,"column":5}},"16":{"start":{"line":17,"column":0},"end":{"line":17,"column":28}},"17":{"start":{"line":18,"column":0},"end":{"line":18,"column":51}},"18":{"start":{"line":19,"column":0},"end":{"line":19,"column":47}},"19":{"start":{"line":20,"column":0},"end":{"line":20,"column":28}},"20":{"start":{"line":21,"column":0},"end":{"line":21,"column":17}},"21":{"start":{"line":22,"column":0},"end":{"line":22,"column":53}},"22":{"start":{"line":23,"column":0},"end":{"line":23,"column":8}},"24":{"start":{"line":25,"column":0},"end":{"line":25,"column":60}},"26":{"start":{"line":27,"column":0},"end":{"line":27,"column":68}},"28":{"start":{"line":29,"column":0},"end":{"line":29,"column":48}},"29":{"start":{"line":30,"column":0},"end":{"line":30,"column":27}},"30":{"start":{"line":31,"column":0},"end":{"line":31,"column":33}},"31":{"start":{"line":32,"column":0},"end":{"line":32,"column":36}},"32":{"start":{"line":33,"column":0},"end":{"line":33,"column":10}},"33":{"start":{"line":34,"column":0},"end":{"line":34,"column":8}},"34":{"start":{"line":35,"column":0},"end":{"line":35,"column":7}},"36":{"start":{"line":37,"column":0},"end":{"line":37,"column":50}},"37":{"start":{"line":38,"column":0},"end":{"line":38,"column":28}},"38":{"start":{"line":39,"column":0},"end":{"line":39,"column":17}},"39":{"start":{"line":40,"column":0},"end":{"line":40,"column":53}},"40":{"start":{"line":41,"column":0},"end":{"line":41,"column":8}},"42":{"start":{"line":43,"column":0},"end":{"line":43,"column":60}},"44":{"start":{"line":45,"column":0},"end":{"line":45,"column":38}},"46":{"start":{"line":47,"column":0},"end":{"line":47,"column":48}},"47":{"start":{"line":48,"column":0},"end":{"line":48,"column":27}},"48":{"start":{"line":49,"column":0},"end":{"line":49,"column":33}},"49":{"start":{"line":50,"column":0},"end":{"line":50,"column":28}},"50":{"start":{"line":51,"column":0},"end":{"line":51,"column":10}},"51":{"start":{"line":52,"column":0},"end":{"line":52,"column":8}},"52":{"start":{"line":53,"column":0},"end":{"line":53,"column":7}},"54":{"start":{"line":55,"column":0},"end":{"line":55,"column":60}},"55":{"start":{"line":56,"column":0},"end":{"line":56,"column":47}},"57":{"start":{"line":58,"column":0},"end":{"line":58,"column":54}},"58":{"start":{"line":59,"column":0},"end":{"line":59,"column":73}},"59":{"start":{"line":60,"column":0},"end":{"line":60,"column":9}},"61":{"start":{"line":62,"column":0},"end":{"line":62,"column":25}},"63":{"start":{"line":64,"column":0},"end":{"line":64,"column":19}},"64":{"start":{"line":65,"column":0},"end":{"line":65,"column":63}},"65":{"start":{"line":66,"column":0},"end":{"line":66,"column":35}},"66":{"start":{"line":67,"column":0},"end":{"line":67,"column":7}},"67":{"start":{"line":68,"column":0},"end":{"line":68,"column":5}},"69":{"start":{"line":70,"column":0},"end":{"line":70,"column":29}},"70":{"start":{"line":71,"column":0},"end":{"line":71,"column":51}},"71":{"start":{"line":72,"column":0},"end":{"line":72,"column":47}},"72":{"start":{"line":73,"column":0},"end":{"line":73,"column":28}},"73":{"start":{"line":74,"column":0},"end":{"line":74,"column":17}},"74":{"start":{"line":75,"column":0},"end":{"line":75,"column":56}},"75":{"start":{"line":76,"column":0},"end":{"line":76,"column":8}},"77":{"start":{"line":78,"column":0},"end":{"line":78,"column":60}},"79":{"start":{"line":80,"column":0},"end":{"line":80,"column":20}},"80":{"start":{"line":81,"column":0},"end":{"line":81,"column":16}},"81":{"start":{"line":82,"column":0},"end":{"line":82,"column":13}},"82":{"start":{"line":83,"column":0},"end":{"line":83,"column":30}},"83":{"start":{"line":84,"column":0},"end":{"line":84,"column":18}},"84":{"start":{"line":85,"column":0},"end":{"line":85,"column":25}},"85":{"start":{"line":86,"column":0},"end":{"line":86,"column":8}},"87":{"start":{"line":88,"column":0},"end":{"line":88,"column":48}},"88":{"start":{"line":89,"column":0},"end":{"line":89,"column":27}},"89":{"start":{"line":90,"column":0},"end":{"line":90,"column":33}},"90":{"start":{"line":91,"column":0},"end":{"line":91,"column":36}},"91":{"start":{"line":92,"column":0},"end":{"line":92,"column":25}},"92":{"start":{"line":93,"column":0},"end":{"line":93,"column":10}},"93":{"start":{"line":94,"column":0},"end":{"line":94,"column":8}},"94":{"start":{"line":95,"column":0},"end":{"line":95,"column":7}},"95":{"start":{"line":96,"column":0},"end":{"line":96,"column":5}},"97":{"start":{"line":98,"column":0},"end":{"line":98,"column":28}},"98":{"start":{"line":99,"column":0},"end":{"line":99,"column":51}},"99":{"start":{"line":100,"column":0},"end":{"line":100,"column":47}},"100":{"start":{"line":101,"column":0},"end":{"line":101,"column":28}},"101":{"start":{"line":102,"column":0},"end":{"line":102,"column":17}},"102":{"start":{"line":103,"column":0},"end":{"line":103,"column":56}},"103":{"start":{"line":104,"column":0},"end":{"line":104,"column":8}},"105":{"start":{"line":106,"column":0},"end":{"line":106,"column":60}},"107":{"start":{"line":108,"column":0},"end":{"line":108,"column":19}},"108":{"start":{"line":109,"column":0},"end":{"line":109,"column":16}},"109":{"start":{"line":110,"column":0},"end":{"line":110,"column":13}},"110":{"start":{"line":111,"column":0},"end":{"line":111,"column":34}},"111":{"start":{"line":112,"column":0},"end":{"line":112,"column":18}},"112":{"start":{"line":113,"column":0},"end":{"line":113,"column":25}},"113":{"start":{"line":114,"column":0},"end":{"line":114,"column":8}},"115":{"start":{"line":116,"column":0},"end":{"line":116,"column":48}},"116":{"start":{"line":117,"column":0},"end":{"line":117,"column":27}},"117":{"start":{"line":118,"column":0},"end":{"line":118,"column":33}},"118":{"start":{"line":119,"column":0},"end":{"line":119,"column":36}},"119":{"start":{"line":120,"column":0},"end":{"line":120,"column":10}},"120":{"start":{"line":121,"column":0},"end":{"line":121,"column":8}},"121":{"start":{"line":122,"column":0},"end":{"line":122,"column":7}},"122":{"start":{"line":123,"column":0},"end":{"line":123,"column":5}},"124":{"start":{"line":125,"column":0},"end":{"line":125,"column":31}},"125":{"start":{"line":126,"column":0},"end":{"line":126,"column":51}},"126":{"start":{"line":127,"column":0},"end":{"line":127,"column":47}},"127":{"start":{"line":128,"column":0},"end":{"line":128,"column":28}},"128":{"start":{"line":129,"column":0},"end":{"line":129,"column":17}},"129":{"start":{"line":130,"column":0},"end":{"line":130,"column":46}},"130":{"start":{"line":131,"column":0},"end":{"line":131,"column":8}},"132":{"start":{"line":133,"column":0},"end":{"line":133,"column":60}},"134":{"start":{"line":135,"column":0},"end":{"line":135,"column":71}},"136":{"start":{"line":137,"column":0},"end":{"line":137,"column":48}},"137":{"start":{"line":138,"column":0},"end":{"line":138,"column":27}},"138":{"start":{"line":139,"column":0},"end":{"line":139,"column":33}},"139":{"start":{"line":140,"column":0},"end":{"line":140,"column":36}},"140":{"start":{"line":141,"column":0},"end":{"line":141,"column":27}},"141":{"start":{"line":142,"column":0},"end":{"line":142,"column":10}},"142":{"start":{"line":143,"column":0},"end":{"line":143,"column":8}},"143":{"start":{"line":144,"column":0},"end":{"line":144,"column":7}},"144":{"start":{"line":145,"column":0},"end":{"line":145,"column":5}},"146":{"start":{"line":147,"column":0},"end":{"line":147,"column":42}},"147":{"start":{"line":148,"column":0},"end":{"line":148,"column":68}},"148":{"start":{"line":149,"column":0},"end":{"line":149,"column":47}},"150":{"start":{"line":151,"column":0},"end":{"line":151,"column":47}},"151":{"start":{"line":152,"column":0},"end":{"line":152,"column":13}},"152":{"start":{"line":153,"column":0},"end":{"line":153,"column":44}},"153":{"start":{"line":154,"column":0},"end":{"line":154,"column":30}},"154":{"start":{"line":155,"column":0},"end":{"line":155,"column":64}},"155":{"start":{"line":156,"column":0},"end":{"line":156,"column":20}},"156":{"start":{"line":157,"column":0},"end":{"line":157,"column":12}},"157":{"start":{"line":158,"column":0},"end":{"line":158,"column":8}},"160":{"start":{"line":161,"column":0},"end":{"line":161,"column":47}},"162":{"start":{"line":163,"column":0},"end":{"line":163,"column":19}},"163":{"start":{"line":164,"column":0},"end":{"line":164,"column":63}},"164":{"start":{"line":165,"column":0},"end":{"line":165,"column":26}},"165":{"start":{"line":166,"column":0},"end":{"line":166,"column":7}},"167":{"start":{"line":168,"column":0},"end":{"line":168,"column":75}},"168":{"start":{"line":169,"column":0},"end":{"line":169,"column":47}},"169":{"start":{"line":170,"column":0},"end":{"line":170,"column":28}},"170":{"start":{"line":171,"column":0},"end":{"line":171,"column":17}},"171":{"start":{"line":172,"column":0},"end":{"line":172,"column":45}},"172":{"start":{"line":173,"column":0},"end":{"line":173,"column":8}},"174":{"start":{"line":175,"column":0},"end":{"line":175,"column":60}},"177":{"start":{"line":178,"column":0},"end":{"line":178,"column":25}},"178":{"start":{"line":179,"column":0},"end":{"line":179,"column":74}},"179":{"start":{"line":180,"column":0},"end":{"line":180,"column":74}},"180":{"start":{"line":181,"column":0},"end":{"line":181,"column":9}},"182":{"start":{"line":183,"column":0},"end":{"line":183,"column":52}},"183":{"start":{"line":184,"column":0},"end":{"line":184,"column":7}},"185":{"start":{"line":186,"column":0},"end":{"line":186,"column":67}},"186":{"start":{"line":187,"column":0},"end":{"line":187,"column":47}},"187":{"start":{"line":188,"column":0},"end":{"line":188,"column":28}},"188":{"start":{"line":189,"column":0},"end":{"line":189,"column":17}},"189":{"start":{"line":190,"column":0},"end":{"line":190,"column":38}},"190":{"start":{"line":191,"column":0},"end":{"line":191,"column":8}},"192":{"start":{"line":193,"column":0},"end":{"line":193,"column":60}},"194":{"start":{"line":195,"column":0},"end":{"line":195,"column":34}},"195":{"start":{"line":196,"column":0},"end":{"line":196,"column":16}},"196":{"start":{"line":197,"column":0},"end":{"line":197,"column":13}},"197":{"start":{"line":198,"column":0},"end":{"line":198,"column":11}},"198":{"start":{"line":199,"column":0},"end":{"line":199,"column":18}},"199":{"start":{"line":200,"column":0},"end":{"line":200,"column":25}},"200":{"start":{"line":201,"column":0},"end":{"line":201,"column":8}},"203":{"start":{"line":204,"column":0},"end":{"line":204,"column":25}},"205":{"start":{"line":206,"column":0},"end":{"line":206,"column":40}},"206":{"start":{"line":207,"column":0},"end":{"line":207,"column":7}},"207":{"start":{"line":208,"column":0},"end":{"line":208,"column":5}},"209":{"start":{"line":210,"column":0},"end":{"line":210,"column":36}},"210":{"start":{"line":211,"column":0},"end":{"line":211,"column":73}},"211":{"start":{"line":212,"column":0},"end":{"line":212,"column":47}},"213":{"start":{"line":214,"column":0},"end":{"line":214,"column":46}},"214":{"start":{"line":215,"column":0},"end":{"line":215,"column":49}},"215":{"start":{"line":216,"column":0},"end":{"line":216,"column":8}},"217":{"start":{"line":218,"column":0},"end":{"line":218,"column":25}},"219":{"start":{"line":220,"column":0},"end":{"line":220,"column":11}},"220":{"start":{"line":221,"column":0},"end":{"line":221,"column":70}},"221":{"start":{"line":222,"column":0},"end":{"line":222,"column":42}},"222":{"start":{"line":223,"column":0},"end":{"line":223,"column":28}},"223":{"start":{"line":224,"column":0},"end":{"line":224,"column":46}},"224":{"start":{"line":225,"column":0},"end":{"line":225,"column":51}},"225":{"start":{"line":226,"column":0},"end":{"line":226,"column":7}},"226":{"start":{"line":227,"column":0},"end":{"line":227,"column":7}},"228":{"start":{"line":229,"column":0},"end":{"line":229,"column":74}},"229":{"start":{"line":230,"column":0},"end":{"line":230,"column":47}},"231":{"start":{"line":232,"column":0},"end":{"line":232,"column":74}},"233":{"start":{"line":234,"column":0},"end":{"line":234,"column":11}},"234":{"start":{"line":235,"column":0},"end":{"line":235,"column":70}},"235":{"start":{"line":236,"column":0},"end":{"line":236,"column":42}},"236":{"start":{"line":237,"column":0},"end":{"line":237,"column":28}},"237":{"start":{"line":238,"column":0},"end":{"line":238,"column":50}},"238":{"start":{"line":239,"column":0},"end":{"line":239,"column":52}},"239":{"start":{"line":240,"column":0},"end":{"line":240,"column":7}},"240":{"start":{"line":241,"column":0},"end":{"line":241,"column":7}},"241":{"start":{"line":242,"column":0},"end":{"line":242,"column":5}},"242":{"start":{"line":243,"column":0},"end":{"line":243,"column":3}}},"s":{"0":1,"1":1,"3":1,"4":1,"5":1,"7":1,"9":11,"10":1,"12":1,"13":11,"14":1,"16":1,"17":1,"18":1,"19":1,"20":1,"21":1,"22":1,"24":1,"26":1,"28":1,"29":1,"30":1,"31":1,"32":1,"33":1,"34":1,"36":1,"37":1,"38":1,"39":1,"40":1,"42":1,"44":1,"46":1,"47":1,"48":1,"49":1,"50":1,"51":1,"52":1,"54":1,"55":1,"57":1,"58":1,"59":1,"61":1,"63":1,"64":1,"65":1,"66":1,"67":1,"69":1,"70":1,"71":1,"72":1,"73":1,"74":1,"75":1,"77":1,"79":1,"80":1,"81":1,"82":1,"83":1,"84":1,"85":1,"87":1,"88":1,"89":1,"90":1,"91":1,"92":1,"93":1,"94":1,"95":1,"97":1,"98":1,"99":1,"100":1,"101":1,"102":1,"103":1,"105":1,"107":1,"108":1,"109":1,"110":1,"111":1,"112":1,"113":1,"115":1,"116":1,"117":1,"118":1,"119":1,"120":1,"121":1,"122":1,"124":1,"125":1,"126":1,"127":1,"128":1,"129":1,"130":1,"132":1,"134":1,"136":1,"137":1,"138":1,"139":1,"140":1,"141":1,"142":1,"143":1,"144":1,"146":1,"147":1,"148":1,"150":1,"151":1,"152":1,"153":1,"154":1,"155":1,"156":1,"157":1,"160":1,"162":1,"163":1,"164":1,"165":1,"167":1,"168":1,"169":1,"170":1,"171":1,"172":1,"174":1,"177":1,"178":1,"179":1,"180":1,"182":1,"183":1,"185":1,"186":1,"187":1,"188":1,"189":1,"190":1,"192":1,"194":1,"195":1,"196":1,"197":1,"198":1,"199":1,"200":1,"203":1,"205":1,"206":1,"207":1,"209":1,"210":1,"211":1,"213":1,"214":1,"215":1,"217":1,"219":1,"220":1,"221":0,"222":1,"223":1,"224":1,"225":1,"226":1,"228":1,"229":1,"231":1,"233":1,"234":1,"235":0,"236":1,"237":1,"238":1,"239":1,"240":1,"241":1,"242":1},"branchMap":{"0":{"type":"branch","line":4,"loc":{"start":{"line":4,"column":36},"end":{"line":243,"column":3}},"locations":[{"start":{"line":4,"column":36},"end":{"line":243,"column":3}}]},"1":{"type":"branch","line":8,"loc":{"start":{"line":8,"column":13},"end":{"line":11,"column":3}},"locations":[{"start":{"line":8,"column":13},"end":{"line":11,"column":3}}]},"2":{"type":"branch","line":13,"loc":{"start":{"line":13,"column":12},"end":{"line":15,"column":3}},"locations":[{"start":{"line":13,"column":12},"end":{"line":15,"column":3}}]},"3":{"type":"branch","line":17,"loc":{"start":{"line":17,"column":21},"end":{"line":68,"column":3}},"locations":[{"start":{"line":17,"column":21},"end":{"line":68,"column":3}}]},"4":{"type":"branch","line":18,"loc":{"start":{"line":18,"column":38},"end":{"line":35,"column":5}},"locations":[{"start":{"line":18,"column":38},"end":{"line":35,"column":5}}]},"5":{"type":"branch","line":22,"loc":{"start":{"line":22,"column":14},"end":{"line":22,"column":53}},"locations":[{"start":{"line":22,"column":14},"end":{"line":22,"column":53}}]},"6":{"type":"branch","line":37,"loc":{"start":{"line":37,"column":37},"end":{"line":53,"column":5}},"locations":[{"start":{"line":37,"column":37},"end":{"line":53,"column":5}}]},"7":{"type":"branch","line":40,"loc":{"start":{"line":40,"column":14},"end":{"line":40,"column":53}},"locations":[{"start":{"line":40,"column":14},"end":{"line":40,"column":53}}]},"8":{"type":"branch","line":55,"loc":{"start":{"line":55,"column":47},"end":{"line":67,"column":5}},"locations":[{"start":{"line":55,"column":47},"end":{"line":67,"column":5}}]},"9":{"type":"branch","line":58,"loc":{"start":{"line":58,"column":47},"end":{"line":60,"column":7}},"locations":[{"start":{"line":58,"column":47},"end":{"line":60,"column":7}}]},"10":{"type":"branch","line":70,"loc":{"start":{"line":70,"column":22},"end":{"line":96,"column":3}},"locations":[{"start":{"line":70,"column":22},"end":{"line":96,"column":3}}]},"11":{"type":"branch","line":71,"loc":{"start":{"line":71,"column":38},"end":{"line":95,"column":5}},"locations":[{"start":{"line":71,"column":38},"end":{"line":95,"column":5}}]},"12":{"type":"branch","line":75,"loc":{"start":{"line":75,"column":14},"end":{"line":75,"column":56}},"locations":[{"start":{"line":75,"column":14},"end":{"line":75,"column":56}}]},"13":{"type":"branch","line":98,"loc":{"start":{"line":98,"column":21},"end":{"line":123,"column":3}},"locations":[{"start":{"line":98,"column":21},"end":{"line":123,"column":3}}]},"14":{"type":"branch","line":99,"loc":{"start":{"line":99,"column":38},"end":{"line":122,"column":5}},"locations":[{"start":{"line":99,"column":38},"end":{"line":122,"column":5}}]},"15":{"type":"branch","line":103,"loc":{"start":{"line":103,"column":14},"end":{"line":103,"column":56}},"locations":[{"start":{"line":103,"column":14},"end":{"line":103,"column":56}}]},"16":{"type":"branch","line":125,"loc":{"start":{"line":125,"column":24},"end":{"line":145,"column":3}},"locations":[{"start":{"line":125,"column":24},"end":{"line":145,"column":3}}]},"17":{"type":"branch","line":126,"loc":{"start":{"line":126,"column":38},"end":{"line":144,"column":5}},"locations":[{"start":{"line":126,"column":38},"end":{"line":144,"column":5}}]},"18":{"type":"branch","line":130,"loc":{"start":{"line":130,"column":14},"end":{"line":130,"column":46}},"locations":[{"start":{"line":130,"column":14},"end":{"line":130,"column":46}}]},"19":{"type":"branch","line":147,"loc":{"start":{"line":147,"column":35},"end":{"line":208,"column":3}},"locations":[{"start":{"line":147,"column":35},"end":{"line":208,"column":3}}]},"20":{"type":"branch","line":148,"loc":{"start":{"line":148,"column":55},"end":{"line":166,"column":5}},"locations":[{"start":{"line":148,"column":55},"end":{"line":166,"column":5}}]},"21":{"type":"branch","line":152,"loc":{"start":{"line":152,"column":8},"end":{"line":157,"column":12}},"locations":[{"start":{"line":152,"column":8},"end":{"line":157,"column":12}}]},"22":{"type":"branch","line":153,"loc":{"start":{"line":153,"column":22},"end":{"line":157,"column":11}},"locations":[{"start":{"line":153,"column":22},"end":{"line":157,"column":11}}]},"23":{"type":"branch","line":154,"loc":{"start":{"line":154,"column":23},"end":{"line":156,"column":15}},"locations":[{"start":{"line":154,"column":23},"end":{"line":156,"column":15}}]},"24":{"type":"branch","line":161,"loc":{"start":{"line":161,"column":17},"end":{"line":161,"column":43}},"locations":[{"start":{"line":161,"column":17},"end":{"line":161,"column":43}}]},"25":{"type":"branch","line":168,"loc":{"start":{"line":168,"column":62},"end":{"line":184,"column":5}},"locations":[{"start":{"line":168,"column":62},"end":{"line":184,"column":5}}]},"26":{"type":"branch","line":172,"loc":{"start":{"line":172,"column":14},"end":{"line":172,"column":45}},"locations":[{"start":{"line":172,"column":14},"end":{"line":172,"column":45}}]},"27":{"type":"branch","line":186,"loc":{"start":{"line":186,"column":54},"end":{"line":207,"column":5}},"locations":[{"start":{"line":186,"column":54},"end":{"line":207,"column":5}}]},"28":{"type":"branch","line":190,"loc":{"start":{"line":190,"column":14},"end":{"line":190,"column":38}},"locations":[{"start":{"line":190,"column":14},"end":{"line":190,"column":38}}]},"29":{"type":"branch","line":210,"loc":{"start":{"line":210,"column":29},"end":{"line":242,"column":3}},"locations":[{"start":{"line":210,"column":29},"end":{"line":242,"column":3}}]},"30":{"type":"branch","line":211,"loc":{"start":{"line":211,"column":60},"end":{"line":227,"column":5}},"locations":[{"start":{"line":211,"column":60},"end":{"line":227,"column":5}}]},"31":{"type":"branch","line":221,"loc":{"start":{"line":221,"column":68},"end":{"line":223,"column":15}},"locations":[{"start":{"line":221,"column":68},"end":{"line":223,"column":15}}]},"32":{"type":"branch","line":229,"loc":{"start":{"line":229,"column":61},"end":{"line":241,"column":5}},"locations":[{"start":{"line":229,"column":61},"end":{"line":241,"column":5}}]},"33":{"type":"branch","line":235,"loc":{"start":{"line":235,"column":68},"end":{"line":237,"column":15}},"locations":[{"start":{"line":235,"column":68},"end":{"line":237,"column":15}}]}},"b":{"0":[1],"1":[11],"2":[11],"3":[1],"4":[1],"5":[1],"6":[1],"7":[1],"8":[1],"9":[1],"10":[1],"11":[1],"12":[1],"13":[1],"14":[1],"15":[1],"16":[1],"17":[1],"18":[1],"19":[1],"20":[1],"21":[1],"22":[1],"23":[1],"24":[1],"25":[1],"26":[2],"27":[1],"28":[1],"29":[1],"30":[1],"31":[0],"32":[1],"33":[0]},"fnMap":{"0":{"name":"json","decl":{"start":{"line":22,"column":14},"end":{"line":22,"column":53}},"loc":{"start":{"line":22,"column":14},"end":{"line":22,"column":53}},"line":22},"1":{"name":"json","decl":{"start":{"line":40,"column":14},"end":{"line":40,"column":53}},"loc":{"start":{"line":40,"column":14},"end":{"line":40,"column":53}},"line":40},"2":{"name":"json","decl":{"start":{"line":75,"column":14},"end":{"line":75,"column":56}},"loc":{"start":{"line":75,"column":14},"end":{"line":75,"column":56}},"line":75},"3":{"name":"json","decl":{"start":{"line":103,"column":14},"end":{"line":103,"column":56}},"loc":{"start":{"line":103,"column":14},"end":{"line":103,"column":56}},"line":103},"4":{"name":"json","decl":{"start":{"line":130,"column":14},"end":{"line":130,"column":46}},"loc":{"start":{"line":130,"column":14},"end":{"line":130,"column":46}},"line":130},"5":{"name":"json","decl":{"start":{"line":172,"column":14},"end":{"line":172,"column":45}},"loc":{"start":{"line":172,"column":14},"end":{"line":172,"column":45}},"line":172},"6":{"name":"json","decl":{"start":{"line":190,"column":14},"end":{"line":190,"column":38}},"loc":{"start":{"line":190,"column":14},"end":{"line":190,"column":38}},"line":190}},"f":{"0":1,"1":1,"2":1,"3":1,"4":1,"5":2,"6":1}}
,"/Users/angelayachboadas/git/wpjs-api/src/api/errors.test.ts": {"path":"/Users/angelayachboadas/git/wpjs-api/src/api/errors.test.ts","all":false,"statementMap":{"0":{"start":{"line":1,"column":0},"end":{"line":1,"column":46}},"1":{"start":{"line":2,"column":0},"end":{"line":2,"column":54}},"3":{"start":{"line":4,"column":0},"end":{"line":4,"column":30}},"4":{"start":{"line":5,"column":0},"end":{"line":5,"column":64}},"5":{"start":{"line":6,"column":0},"end":{"line":6,"column":51}},"7":{"start":{"line":8,"column":0},"end":{"line":8,"column":40}},"8":{"start":{"line":9,"column":0},"end":{"line":9,"column":45}},"9":{"start":{"line":10,"column":0},"end":{"line":10,"column":44}},"10":{"start":{"line":11,"column":0},"end":{"line":11,"column":35}},"11":{"start":{"line":12,"column":0},"end":{"line":12,"column":42}},"12":{"start":{"line":13,"column":0},"end":{"line":13,"column":5}},"14":{"start":{"line":15,"column":0},"end":{"line":15,"column":65}},"15":{"start":{"line":16,"column":0},"end":{"line":16,"column":58}},"16":{"start":{"line":17,"column":0},"end":{"line":17,"column":33}},"17":{"start":{"line":18,"column":0},"end":{"line":18,"column":7}},"19":{"start":{"line":20,"column":0},"end":{"line":20,"column":50}},"20":{"start":{"line":21,"column":0},"end":{"line":21,"column":5}},"22":{"start":{"line":23,"column":0},"end":{"line":23,"column":65}},"23":{"start":{"line":24,"column":0},"end":{"line":24,"column":69}},"24":{"start":{"line":25,"column":0},"end":{"line":25,"column":58}},"25":{"start":{"line":26,"column":0},"end":{"line":26,"column":33}},"26":{"start":{"line":27,"column":0},"end":{"line":27,"column":22}},"27":{"start":{"line":28,"column":0},"end":{"line":28,"column":7}},"29":{"start":{"line":30,"column":0},"end":{"line":30,"column":42}},"30":{"start":{"line":31,"column":0},"end":{"line":31,"column":5}},"32":{"start":{"line":33,"column":0},"end":{"line":33,"column":69}},"33":{"start":{"line":34,"column":0},"end":{"line":34,"column":57}},"34":{"start":{"line":35,"column":0},"end":{"line":35,"column":54}},"36":{"start":{"line":37,"column":0},"end":{"line":37,"column":70}},"37":{"start":{"line":38,"column":0},"end":{"line":38,"column":57}},"38":{"start":{"line":39,"column":0},"end":{"line":39,"column":5}},"40":{"start":{"line":41,"column":0},"end":{"line":41,"column":74}},"41":{"start":{"line":42,"column":0},"end":{"line":42,"column":51}},"43":{"start":{"line":44,"column":0},"end":{"line":44,"column":53}},"44":{"start":{"line":45,"column":0},"end":{"line":45,"column":5}},"46":{"start":{"line":47,"column":0},"end":{"line":47,"column":75}},"47":{"start":{"line":48,"column":0},"end":{"line":48,"column":59}},"49":{"start":{"line":50,"column":0},"end":{"line":50,"column":61}},"50":{"start":{"line":51,"column":0},"end":{"line":51,"column":5}},"52":{"start":{"line":53,"column":0},"end":{"line":53,"column":49}},"53":{"start":{"line":54,"column":0},"end":{"line":54,"column":56}},"54":{"start":{"line":55,"column":0},"end":{"line":55,"column":54}},"55":{"start":{"line":56,"column":0},"end":{"line":56,"column":57}},"57":{"start":{"line":58,"column":0},"end":{"line":58,"column":46}},"58":{"start":{"line":59,"column":0},"end":{"line":59,"column":46}},"59":{"start":{"line":60,"column":0},"end":{"line":60,"column":47}},"60":{"start":{"line":61,"column":0},"end":{"line":61,"column":5}},"62":{"start":{"line":63,"column":0},"end":{"line":63,"column":49}},"63":{"start":{"line":64,"column":0},"end":{"line":64,"column":59}},"64":{"start":{"line":65,"column":0},"end":{"line":65,"column":64}},"65":{"start":{"line":66,"column":0},"end":{"line":66,"column":56}},"67":{"start":{"line":68,"column":0},"end":{"line":68,"column":46}},"68":{"start":{"line":69,"column":0},"end":{"line":69,"column":46}},"69":{"start":{"line":70,"column":0},"end":{"line":70,"column":47}},"70":{"start":{"line":71,"column":0},"end":{"line":71,"column":5}},"72":{"start":{"line":73,"column":0},"end":{"line":73,"column":41}},"73":{"start":{"line":74,"column":0},"end":{"line":74,"column":57}},"74":{"start":{"line":75,"column":0},"end":{"line":75,"column":54}},"75":{"start":{"line":76,"column":0},"end":{"line":76,"column":56}},"77":{"start":{"line":78,"column":0},"end":{"line":78,"column":44}},"78":{"start":{"line":79,"column":0},"end":{"line":79,"column":44}},"79":{"start":{"line":80,"column":0},"end":{"line":80,"column":45}},"80":{"start":{"line":81,"column":0},"end":{"line":81,"column":5}},"82":{"start":{"line":83,"column":0},"end":{"line":83,"column":46}},"83":{"start":{"line":84,"column":0},"end":{"line":84,"column":54}},"84":{"start":{"line":85,"column":0},"end":{"line":85,"column":57}},"86":{"start":{"line":87,"column":0},"end":{"line":87,"column":43}},"87":{"start":{"line":88,"column":0},"end":{"line":88,"column":44}},"88":{"start":{"line":89,"column":0},"end":{"line":89,"column":5}},"90":{"start":{"line":91,"column":0},"end":{"line":91,"column":47}},"91":{"start":{"line":92,"column":0},"end":{"line":92,"column":62}},"92":{"start":{"line":93,"column":0},"end":{"line":93,"column":57}},"94":{"start":{"line":95,"column":0},"end":{"line":95,"column":49}},"95":{"start":{"line":96,"column":0},"end":{"line":96,"column":50}},"96":{"start":{"line":97,"column":0},"end":{"line":97,"column":5}},"98":{"start":{"line":99,"column":0},"end":{"line":99,"column":50}},"99":{"start":{"line":100,"column":0},"end":{"line":100,"column":52}},"100":{"start":{"line":101,"column":0},"end":{"line":101,"column":35}},"101":{"start":{"line":102,"column":0},"end":{"line":102,"column":7}},"102":{"start":{"line":103,"column":0},"end":{"line":103,"column":32}},"104":{"start":{"line":105,"column":0},"end":{"line":105,"column":26}},"105":{"start":{"line":106,"column":0},"end":{"line":106,"column":25}},"106":{"start":{"line":107,"column":0},"end":{"line":107,"column":27}},"107":{"start":{"line":108,"column":0},"end":{"line":108,"column":18}},"108":{"start":{"line":109,"column":0},"end":{"line":109,"column":35}},"109":{"start":{"line":110,"column":0},"end":{"line":110,"column":22}},"110":{"start":{"line":111,"column":0},"end":{"line":111,"column":26}},"111":{"start":{"line":112,"column":0},"end":{"line":112,"column":27}},"112":{"start":{"line":113,"column":0},"end":{"line":113,"column":25}},"113":{"start":{"line":114,"column":0},"end":{"line":114,"column":59}},"114":{"start":{"line":115,"column":0},"end":{"line":115,"column":7}},"115":{"start":{"line":116,"column":0},"end":{"line":116,"column":5}},"117":{"start":{"line":118,"column":0},"end":{"line":118,"column":62}},"118":{"start":{"line":119,"column":0},"end":{"line":119,"column":38}},"119":{"start":{"line":120,"column":0},"end":{"line":120,"column":22}},"120":{"start":{"line":121,"column":0},"end":{"line":121,"column":35}},"121":{"start":{"line":122,"column":0},"end":{"line":122,"column":37}},"122":{"start":{"line":123,"column":0},"end":{"line":123,"column":30}},"123":{"start":{"line":124,"column":0},"end":{"line":124,"column":9}},"124":{"start":{"line":125,"column":0},"end":{"line":125,"column":7}},"125":{"start":{"line":126,"column":0},"end":{"line":126,"column":20}},"126":{"start":{"line":127,"column":0},"end":{"line":127,"column":34}},"127":{"start":{"line":128,"column":0},"end":{"line":128,"column":56}},"128":{"start":{"line":129,"column":0},"end":{"line":129,"column":7}},"129":{"start":{"line":130,"column":0},"end":{"line":130,"column":6}},"131":{"start":{"line":132,"column":0},"end":{"line":132,"column":62}},"133":{"start":{"line":134,"column":0},"end":{"line":134,"column":45}},"134":{"start":{"line":135,"column":0},"end":{"line":135,"column":52}},"135":{"start":{"line":136,"column":0},"end":{"line":136,"column":35}},"136":{"start":{"line":137,"column":0},"end":{"line":137,"column":50}},"137":{"start":{"line":138,"column":0},"end":{"line":138,"column":5}},"139":{"start":{"line":140,"column":0},"end":{"line":140,"column":54}},"140":{"start":{"line":141,"column":0},"end":{"line":141,"column":64}},"141":{"start":{"line":142,"column":0},"end":{"line":142,"column":18}},"142":{"start":{"line":143,"column":0},"end":{"line":143,"column":42}},"143":{"start":{"line":144,"column":0},"end":{"line":144,"column":7}},"145":{"start":{"line":146,"column":0},"end":{"line":146,"column":62}},"147":{"start":{"line":148,"column":0},"end":{"line":148,"column":45}},"148":{"start":{"line":149,"column":0},"end":{"line":149,"column":56}},"149":{"start":{"line":150,"column":0},"end":{"line":150,"column":35}},"150":{"start":{"line":151,"column":0},"end":{"line":151,"column":5}},"151":{"start":{"line":152,"column":0},"end":{"line":152,"column":3}},"153":{"start":{"line":154,"column":0},"end":{"line":154,"column":34}},"154":{"start":{"line":155,"column":0},"end":{"line":155,"column":74}},"155":{"start":{"line":156,"column":0},"end":{"line":156,"column":38}},"156":{"start":{"line":157,"column":0},"end":{"line":157,"column":52}},"157":{"start":{"line":158,"column":0},"end":{"line":158,"column":7}},"158":{"start":{"line":159,"column":0},"end":{"line":159,"column":20}},"159":{"start":{"line":160,"column":0},"end":{"line":160,"column":32}},"160":{"start":{"line":161,"column":0},"end":{"line":161,"column":56}},"161":{"start":{"line":162,"column":0},"end":{"line":162,"column":7}},"162":{"start":{"line":163,"column":0},"end":{"line":163,"column":6}},"164":{"start":{"line":165,"column":0},"end":{"line":165,"column":9}},"165":{"start":{"line":166,"column":0},"end":{"line":166,"column":41}},"166":{"start":{"line":167,"column":0},"end":{"line":167,"column":46}},"167":{"start":{"line":168,"column":0},"end":{"line":168,"column":21}},"168":{"start":{"line":169,"column":0},"end":{"line":169,"column":47}},"169":{"start":{"line":170,"column":0},"end":{"line":170,"column":67}},"170":{"start":{"line":171,"column":0},"end":{"line":171,"column":53}},"171":{"start":{"line":172,"column":0},"end":{"line":172,"column":5}},"172":{"start":{"line":173,"column":0},"end":{"line":173,"column":5}},"174":{"start":{"line":175,"column":0},"end":{"line":175,"column":71}},"175":{"start":{"line":176,"column":0},"end":{"line":176,"column":38}},"176":{"start":{"line":177,"column":0},"end":{"line":177,"column":22}},"177":{"start":{"line":178,"column":0},"end":{"line":178,"column":35}},"178":{"start":{"line":179,"column":0},"end":{"line":179,"column":37}},"179":{"start":{"line":180,"column":0},"end":{"line":180,"column":30}},"180":{"start":{"line":181,"column":0},"end":{"line":181,"column":9}},"181":{"start":{"line":182,"column":0},"end":{"line":182,"column":7}},"182":{"start":{"line":183,"column":0},"end":{"line":183,"column":20}},"183":{"start":{"line":184,"column":0},"end":{"line":184,"column":34}},"184":{"start":{"line":185,"column":0},"end":{"line":185,"column":56}},"185":{"start":{"line":186,"column":0},"end":{"line":186,"column":7}},"186":{"start":{"line":187,"column":0},"end":{"line":187,"column":6}},"188":{"start":{"line":189,"column":0},"end":{"line":189,"column":9}},"189":{"start":{"line":190,"column":0},"end":{"line":190,"column":41}},"190":{"start":{"line":191,"column":0},"end":{"line":191,"column":40}},"191":{"start":{"line":192,"column":0},"end":{"line":192,"column":21}},"192":{"start":{"line":193,"column":0},"end":{"line":193,"column":47}},"193":{"start":{"line":194,"column":0},"end":{"line":194,"column":40}},"194":{"start":{"line":195,"column":0},"end":{"line":195,"column":54}},"195":{"start":{"line":196,"column":0},"end":{"line":196,"column":7}},"196":{"start":{"line":197,"column":0},"end":{"line":197,"column":5}},"197":{"start":{"line":198,"column":0},"end":{"line":198,"column":5}},"199":{"start":{"line":200,"column":0},"end":{"line":200,"column":71}},"200":{"start":{"line":201,"column":0},"end":{"line":201,"column":45}},"201":{"start":{"line":202,"column":0},"end":{"line":202,"column":18}},"202":{"start":{"line":203,"column":0},"end":{"line":203,"column":30}},"203":{"start":{"line":204,"column":0},"end":{"line":204,"column":54}},"204":{"start":{"line":205,"column":0},"end":{"line":205,"column":7}},"206":{"start":{"line":207,"column":0},"end":{"line":207,"column":9}},"207":{"start":{"line":208,"column":0},"end":{"line":208,"column":41}},"208":{"start":{"line":209,"column":0},"end":{"line":209,"column":40}},"209":{"start":{"line":210,"column":0},"end":{"line":210,"column":21}},"210":{"start":{"line":211,"column":0},"end":{"line":211,"column":47}},"211":{"start":{"line":212,"column":0},"end":{"line":212,"column":40}},"212":{"start":{"line":213,"column":0},"end":{"line":213,"column":48}},"213":{"start":{"line":214,"column":0},"end":{"line":214,"column":7}},"214":{"start":{"line":215,"column":0},"end":{"line":215,"column":5}},"215":{"start":{"line":216,"column":0},"end":{"line":216,"column":5}},"216":{"start":{"line":217,"column":0},"end":{"line":217,"column":3}}},"s":{"0":1,"1":1,"3":1,"4":1,"5":1,"7":1,"8":1,"9":1,"10":1,"11":1,"12":1,"14":1,"15":1,"16":1,"17":1,"19":1,"20":1,"22":1,"23":1,"24":1,"25":1,"26":1,"27":1,"29":1,"30":1,"32":1,"33":1,"34":1,"36":1,"37":1,"38":1,"40":1,"41":1,"43":1,"44":1,"46":1,"47":1,"49":1,"50":1,"52":1,"53":1,"54":1,"55":1,"57":1,"58":1,"59":1,"60":1,"62":1,"63":1,"64":1,"65":1,"67":1,"68":1,"69":1,"70":1,"72":1,"73":1,"74":1,"75":1,"77":1,"78":1,"79":1,"80":1,"82":1,"83":1,"84":1,"86":1,"87":1,"88":1,"90":1,"91":1,"92":1,"94":1,"95":1,"96":1,"98":1,"99":1,"100":1,"101":1,"102":1,"104":1,"105":1,"106":1,"107":1,"108":1,"109":1,"110":1,"111":1,"112":1,"113":1,"114":1,"115":1,"117":1,"118":1,"119":1,"120":1,"121":1,"122":1,"123":1,"124":1,"125":1,"126":1,"127":1,"128":1,"129":1,"131":1,"133":1,"134":1,"135":1,"136":1,"137":1,"139":1,"140":1,"141":1,"142":1,"143":1,"145":1,"147":1,"148":1,"149":1,"150":1,"151":1,"153":1,"154":1,"155":1,"156":1,"157":1,"158":1,"159":1,"160":1,"161":1,"162":1,"164":1,"165":1,"166":0,"167":1,"168":1,"169":1,"170":1,"171":1,"172":1,"174":1,"175":1,"176":1,"177":1,"178":1,"179":1,"180":1,"181":1,"182":1,"183":1,"184":1,"185":1,"186":1,"188":1,"189":1,"190":0,"191":1,"192":1,"193":1,"194":1,"195":1,"196":1,"197":1,"199":1,"200":1,"201":1,"202":1,"203":1,"204":1,"206":1,"207":1,"208":0,"209":1,"210":1,"211":1,"212":1,"213":1,"214":1,"215":1,"216":1},"branchMap":{"0":{"type":"branch","line":4,"loc":{"start":{"line":4,"column":23},"end":{"line":152,"column":3}},"locations":[{"start":{"line":4,"column":23},"end":{"line":152,"column":3}}]},"1":{"type":"branch","line":5,"loc":{"start":{"line":5,"column":57},"end":{"line":13,"column":3}},"locations":[{"start":{"line":5,"column":57},"end":{"line":13,"column":3}}]},"2":{"type":"branch","line":15,"loc":{"start":{"line":15,"column":58},"end":{"line":21,"column":3}},"locations":[{"start":{"line":15,"column":58},"end":{"line":21,"column":3}}]},"3":{"type":"branch","line":23,"loc":{"start":{"line":23,"column":58},"end":{"line":31,"column":3}},"locations":[{"start":{"line":23,"column":58},"end":{"line":31,"column":3}}]},"4":{"type":"branch","line":33,"loc":{"start":{"line":33,"column":62},"end":{"line":39,"column":3}},"locations":[{"start":{"line":33,"column":62},"end":{"line":39,"column":3}}]},"5":{"type":"branch","line":41,"loc":{"start":{"line":41,"column":67},"end":{"line":45,"column":3}},"locations":[{"start":{"line":41,"column":67},"end":{"line":45,"column":3}}]},"6":{"type":"branch","line":47,"loc":{"start":{"line":47,"column":68},"end":{"line":51,"column":3}},"locations":[{"start":{"line":47,"column":68},"end":{"line":51,"column":3}}]},"7":{"type":"branch","line":53,"loc":{"start":{"line":53,"column":42},"end":{"line":61,"column":3}},"locations":[{"start":{"line":53,"column":42},"end":{"line":61,"column":3}}]},"8":{"type":"branch","line":63,"loc":{"start":{"line":63,"column":42},"end":{"line":71,"column":3}},"locations":[{"start":{"line":63,"column":42},"end":{"line":71,"column":3}}]},"9":{"type":"branch","line":73,"loc":{"start":{"line":73,"column":34},"end":{"line":81,"column":3}},"locations":[{"start":{"line":73,"column":34},"end":{"line":81,"column":3}}]},"10":{"type":"branch","line":83,"loc":{"start":{"line":83,"column":39},"end":{"line":89,"column":3}},"locations":[{"start":{"line":83,"column":39},"end":{"line":89,"column":3}}]},"11":{"type":"branch","line":91,"loc":{"start":{"line":91,"column":40},"end":{"line":97,"column":3}},"locations":[{"start":{"line":91,"column":40},"end":{"line":97,"column":3}}]},"12":{"type":"branch","line":99,"loc":{"start":{"line":99,"column":43},"end":{"line":116,"column":3}},"locations":[{"start":{"line":99,"column":43},"end":{"line":116,"column":3}}]},"13":{"type":"branch","line":118,"loc":{"start":{"line":118,"column":49},"end":{"line":138,"column":3}},"locations":[{"start":{"line":118,"column":49},"end":{"line":138,"column":3}}]},"14":{"type":"branch","line":140,"loc":{"start":{"line":140,"column":41},"end":{"line":151,"column":3}},"locations":[{"start":{"line":140,"column":41},"end":{"line":151,"column":3}}]},"15":{"type":"branch","line":154,"loc":{"start":{"line":154,"column":27},"end":{"line":217,"column":3}},"locations":[{"start":{"line":154,"column":27},"end":{"line":217,"column":3}}]},"16":{"type":"branch","line":155,"loc":{"start":{"line":155,"column":61},"end":{"line":173,"column":3}},"locations":[{"start":{"line":155,"column":61},"end":{"line":173,"column":3}}]},"17":{"type":"branch","line":166,"loc":{"start":{"line":166,"column":39},"end":{"line":168,"column":13}},"locations":[{"start":{"line":166,"column":39},"end":{"line":168,"column":13}}]},"18":{"type":"branch","line":175,"loc":{"start":{"line":175,"column":58},"end":{"line":198,"column":3}},"locations":[{"start":{"line":175,"column":58},"end":{"line":198,"column":3}}]},"19":{"type":"branch","line":190,"loc":{"start":{"line":190,"column":39},"end":{"line":192,"column":13}},"locations":[{"start":{"line":190,"column":39},"end":{"line":192,"column":13}}]},"20":{"type":"branch","line":200,"loc":{"start":{"line":200,"column":58},"end":{"line":216,"column":3}},"locations":[{"start":{"line":200,"column":58},"end":{"line":216,"column":3}}]},"21":{"type":"branch","line":208,"loc":{"start":{"line":208,"column":39},"end":{"line":210,"column":13}},"locations":[{"start":{"line":208,"column":39},"end":{"line":210,"column":13}}]}},"b":{"0":[1],"1":[1],"2":[1],"3":[1],"4":[1],"5":[1],"6":[1],"7":[1],"8":[1],"9":[1],"10":[1],"11":[1],"12":[1],"13":[1],"14":[1],"15":[1],"16":[1],"17":[0],"18":[1],"19":[0],"20":[1],"21":[0]},"fnMap":{},"f":{}}
,"/Users/angelayachboadas/git/wpjs-api/src/api/errors.ts": {"path":"/Users/angelayachboadas/git/wpjs-api/src/api/errors.ts","all":false,"statementMap":{"3":{"start":{"line":4,"column":0},"end":{"line":4,"column":39}},"28":{"start":{"line":29,"column":0},"end":{"line":29,"column":14}},"29":{"start":{"line":30,"column":0},"end":{"line":30,"column":20}},"30":{"start":{"line":31,"column":0},"end":{"line":31,"column":19}},"31":{"start":{"line":32,"column":0},"end":{"line":32,"column":15}},"36":{"start":{"line":37,"column":0},"end":{"line":37,"column":5}},"37":{"start":{"line":38,"column":0},"end":{"line":38,"column":19}},"38":{"start":{"line":39,"column":0},"end":{"line":39,"column":29}},"39":{"start":{"line":40,"column":0},"end":{"line":40,"column":25}},"40":{"start":{"line":41,"column":0},"end":{"line":41,"column":30}},"41":{"start":{"line":42,"column":0},"end":{"line":42,"column":38}},"42":{"start":{"line":43,"column":0},"end":{"line":43,"column":30}},"45":{"start":{"line":46,"column":0},"end":{"line":46,"column":34}},"46":{"start":{"line":47,"column":0},"end":{"line":47,"column":48}},"47":{"start":{"line":48,"column":0},"end":{"line":48,"column":5}},"48":{"start":{"line":49,"column":0},"end":{"line":49,"column":3}},"53":{"start":{"line":54,"column":0},"end":{"line":54,"column":32}},"54":{"start":{"line":55,"column":0},"end":{"line":55,"column":51}},"55":{"start":{"line":56,"column":0},"end":{"line":56,"column":3}},"60":{"start":{"line":61,"column":0},"end":{"line":61,"column":32}},"61":{"start":{"line":62,"column":0},"end":{"line":62,"column":51}},"62":{"start":{"line":63,"column":0},"end":{"line":63,"column":3}},"67":{"start":{"line":68,"column":0},"end":{"line":68,"column":30}},"68":{"start":{"line":69,"column":0},"end":{"line":69,"column":54}},"69":{"start":{"line":70,"column":0},"end":{"line":70,"column":3}},"74":{"start":{"line":75,"column":0},"end":{"line":75,"column":29}},"75":{"start":{"line":76,"column":0},"end":{"line":76,"column":31}},"76":{"start":{"line":77,"column":0},"end":{"line":77,"column":3}},"81":{"start":{"line":82,"column":0},"end":{"line":82,"column":35}},"82":{"start":{"line":83,"column":0},"end":{"line":83,"column":31}},"83":{"start":{"line":84,"column":0},"end":{"line":84,"column":3}},"88":{"start":{"line":89,"column":0},"end":{"line":89,"column":29}},"89":{"start":{"line":90,"column":0},"end":{"line":90,"column":26}},"90":{"start":{"line":91,"column":0},"end":{"line":91,"column":15}},"91":{"start":{"line":92,"column":0},"end":{"line":92,"column":64}},"92":{"start":{"line":93,"column":0},"end":{"line":93,"column":15}},"93":{"start":{"line":94,"column":0},"end":{"line":94,"column":73}},"94":{"start":{"line":95,"column":0},"end":{"line":95,"column":15}},"95":{"start":{"line":96,"column":0},"end":{"line":96,"column":68}},"96":{"start":{"line":97,"column":0},"end":{"line":97,"column":15}},"97":{"start":{"line":98,"column":0},"end":{"line":98,"column":55}},"98":{"start":{"line":99,"column":0},"end":{"line":99,"column":15}},"99":{"start":{"line":100,"column":0},"end":{"line":100,"column":60}},"100":{"start":{"line":101,"column":0},"end":{"line":101,"column":15}},"101":{"start":{"line":102,"column":0},"end":{"line":102,"column":64}},"102":{"start":{"line":103,"column":0},"end":{"line":103,"column":15}},"103":{"start":{"line":104,"column":0},"end":{"line":104,"column":69}},"104":{"start":{"line":105,"column":0},"end":{"line":105,"column":15}},"105":{"start":{"line":106,"column":0},"end":{"line":106,"column":62}},"106":{"start":{"line":107,"column":0},"end":{"line":107,"column":14}},"107":{"start":{"line":108,"column":0},"end":{"line":108,"column":28}},"108":{"start":{"line":109,"column":0},"end":{"line":109,"column":5}},"109":{"start":{"line":110,"column":0},"end":{"line":110,"column":3}},"114":{"start":{"line":115,"column":0},"end":{"line":115,"column":70}},"115":{"start":{"line":116,"column":0},"end":{"line":116,"column":20}},"119":{"start":{"line":120,"column":0},"end":{"line":120,"column":11}},"121":{"start":{"line":122,"column":0},"end":{"line":122,"column":9}},"123":{"start":{"line":124,"column":0},"end":{"line":124,"column":63}},"124":{"start":{"line":125,"column":0},"end":{"line":125,"column":54}},"125":{"start":{"line":126,"column":0},"end":{"line":126,"column":42}},"126":{"start":{"line":127,"column":0},"end":{"line":127,"column":7}},"127":{"start":{"line":128,"column":0},"end":{"line":128,"column":13}},"129":{"start":{"line":130,"column":0},"end":{"line":130,"column":5}},"131":{"start":{"line":132,"column":0},"end":{"line":132,"column":80}},"133":{"start":{"line":134,"column":0},"end":{"line":134,"column":53}},"134":{"start":{"line":135,"column":0},"end":{"line":135,"column":27}},"135":{"start":{"line":136,"column":0},"end":{"line":136,"column":15}},"136":{"start":{"line":137,"column":0},"end":{"line":137,"column":27}},"137":{"start":{"line":138,"column":0},"end":{"line":138,"column":7}},"138":{"start":{"line":139,"column":0},"end":{"line":139,"column":3}},"143":{"start":{"line":144,"column":0},"end":{"line":144,"column":12}},"144":{"start":{"line":145,"column":0},"end":{"line":145,"column":12}},"145":{"start":{"line":146,"column":0},"end":{"line":146,"column":22}},"146":{"start":{"line":147,"column":0},"end":{"line":147,"column":28}},"147":{"start":{"line":148,"column":0},"end":{"line":148,"column":26}},"148":{"start":{"line":149,"column":0},"end":{"line":149,"column":22}},"149":{"start":{"line":150,"column":0},"end":{"line":150,"column":22}},"150":{"start":{"line":151,"column":0},"end":{"line":151,"column":40}},"151":{"start":{"line":152,"column":0},"end":{"line":152,"column":40}},"152":{"start":{"line":153,"column":0},"end":{"line":153,"column":36}},"153":{"start":{"line":154,"column":0},"end":{"line":154,"column":36}},"154":{"start":{"line":155,"column":0},"end":{"line":155,"column":6}},"155":{"start":{"line":156,"column":0},"end":{"line":156,"column":3}},"156":{"start":{"line":157,"column":0},"end":{"line":157,"column":1}},"161":{"start":{"line":162,"column":0},"end":{"line":162,"column":74}},"162":{"start":{"line":163,"column":0},"end":{"line":163,"column":56}},"163":{"start":{"line":164,"column":0},"end":{"line":164,"column":14}},"164":{"start":{"line":165,"column":0},"end":{"line":165,"column":1}}},"s":{"3":1,"28":1,"29":27,"30":27,"31":27,"36":27,"37":27,"38":27,"39":27,"40":27,"41":27,"42":27,"45":27,"46":27,"47":27,"48":27,"53":1,"54":4,"55":4,"60":1,"61":4,"62":4,"67":1,"68":4,"69":4,"74":1,"75":3,"76":3,"81":1,"82":2,"83":2,"88":1,"89":5,"90":5,"91":0,"92":5,"93":1,"94":5,"95":1,"96":5,"97":2,"98":5,"99":1,"100":5,"101":0,"102":5,"103":0,"104":5,"105":0,"106":5,"107":0,"108":5,"109":5,"114":1,"115":5,"119":5,"121":5,"123":5,"124":5,"125":4,"126":4,"127":5,"129":0,"131":5,"133":5,"134":5,"135":5,"136":5,"137":5,"138":5,"143":1,"144":1,"145":1,"146":1,"147":1,"148":1,"149":1,"150":1,"151":1,"152":1,"153":1,"154":1,"155":1,"156":1,"161":3,"162":3,"163":3,"164":3},"branchMap":{"0":{"type":"branch","line":29,"loc":{"start":{"line":29,"column":2},"end":{"line":49,"column":3}},"locations":[{"start":{"line":29,"column":2},"end":{"line":49,"column":3}}]},"1":{"type":"branch","line":41,"loc":{"start":{"line":41,"column":16},"end":{"line":41,"column":30}},"locations":[{"start":{"line":41,"column":16},"end":{"line":41,"column":30}}]},"2":{"type":"branch","line":42,"loc":{"start":{"line":42,"column":20},"end":{"line":42,"column":38}},"locations":[{"start":{"line":42,"column":20},"end":{"line":42,"column":38}}]},"3":{"type":"branch","line":43,"loc":{"start":{"line":43,"column":16},"end":{"line":43,"column":30}},"locations":[{"start":{"line":43,"column":16},"end":{"line":43,"column":30}}]},"4":{"type":"branch","line":54,"loc":{"start":{"line":54,"column":2},"end":{"line":56,"column":3}},"locations":[{"start":{"line":54,"column":2},"end":{"line":56,"column":3}}]},"5":{"type":"branch","line":61,"loc":{"start":{"line":61,"column":2},"end":{"line":63,"column":3}},"locations":[{"start":{"line":61,"column":2},"end":{"line":63,"column":3}}]},"6":{"type":"branch","line":62,"loc":{"start":{"line":62,"column":26},"end":{"line":62,"column":51}},"locations":[{"start":{"line":62,"column":26},"end":{"line":62,"column":51}}]},"7":{"type":"branch","line":68,"loc":{"start":{"line":68,"column":2},"end":{"line":70,"column":3}},"locations":[{"start":{"line":68,"column":2},"end":{"line":70,"column":3}}]},"8":{"type":"branch","line":69,"loc":{"start":{"line":69,"column":27},"end":{"line":69,"column":54}},"locations":[{"start":{"line":69,"column":27},"end":{"line":69,"column":54}}]},"9":{"type":"branch","line":75,"loc":{"start":{"line":75,"column":2},"end":{"line":77,"column":3}},"locations":[{"start":{"line":75,"column":2},"end":{"line":77,"column":3}}]},"10":{"type":"branch","line":82,"loc":{"start":{"line":82,"column":2},"end":{"line":84,"column":3}},"locations":[{"start":{"line":82,"column":2},"end":{"line":84,"column":3}}]},"11":{"type":"branch","line":89,"loc":{"start":{"line":89,"column":2},"end":{"line":110,"column":3}},"locations":[{"start":{"line":89,"column":2},"end":{"line":110,"column":3}}]},"12":{"type":"branch","line":91,"loc":{"start":{"line":91,"column":6},"end":{"line":92,"column":64}},"locations":[{"start":{"line":91,"column":6},"end":{"line":92,"column":64}}]},"13":{"type":"branch","line":93,"loc":{"start":{"line":93,"column":6},"end":{"line":94,"column":73}},"locations":[{"start":{"line":93,"column":6},"end":{"line":94,"column":73}}]},"14":{"type":"branch","line":95,"loc":{"start":{"line":95,"column":6},"end":{"line":96,"column":68}},"locations":[{"start":{"line":95,"column":6},"end":{"line":96,"column":68}}]},"15":{"type":"branch","line":97,"loc":{"start":{"line":97,"column":6},"end":{"line":98,"column":55}},"locations":[{"start":{"line":97,"column":6},"end":{"line":98,"column":55}}]},"16":{"type":"branch","line":99,"loc":{"start":{"line":99,"column":6},"end":{"line":100,"column":60}},"locations":[{"start":{"line":99,"column":6},"end":{"line":100,"column":60}}]},"17":{"type":"branch","line":101,"loc":{"start":{"line":101,"column":6},"end":{"line":102,"column":64}},"locations":[{"start":{"line":101,"column":6},"end":{"line":102,"column":64}}]},"18":{"type":"branch","line":103,"loc":{"start":{"line":103,"column":6},"end":{"line":104,"column":69}},"locations":[{"start":{"line":103,"column":6},"end":{"line":104,"column":69}}]},"19":{"type":"branch","line":105,"loc":{"start":{"line":105,"column":6},"end":{"line":106,"column":62}},"locations":[{"start":{"line":105,"column":6},"end":{"line":106,"column":62}}]},"20":{"type":"branch","line":107,"loc":{"start":{"line":107,"column":6},"end":{"line":108,"column":28}},"locations":[{"start":{"line":107,"column":6},"end":{"line":108,"column":28}}]},"21":{"type":"branch","line":115,"loc":{"start":{"line":115,"column":2},"end":{"line":139,"column":3}},"locations":[{"start":{"line":115,"column":2},"end":{"line":139,"column":3}}]},"22":{"type":"branch","line":125,"loc":{"start":{"line":125,"column":53},"end":{"line":127,"column":7}},"locations":[{"start":{"line":125,"column":53},"end":{"line":127,"column":7}}]},"23":{"type":"branch","line":128,"loc":{"start":{"line":128,"column":4},"end":{"line":130,"column":5}},"locations":[{"start":{"line":128,"column":4},"end":{"line":130,"column":5}}]},"24":{"type":"branch","line":132,"loc":{"start":{"line":132,"column":30},"end":{"line":132,"column":64}},"locations":[{"start":{"line":132,"column":30},"end":{"line":132,"column":64}}]},"25":{"type":"branch","line":132,"loc":{"start":{"line":132,"column":50},"end":{"line":132,"column":80}},"locations":[{"start":{"line":132,"column":50},"end":{"line":132,"column":80}}]},"26":{"type":"branch","line":144,"loc":{"start":{"line":144,"column":2},"end":{"line":156,"column":3}},"locations":[{"start":{"line":144,"column":2},"end":{"line":156,"column":3}}]},"27":{"type":"branch","line":162,"loc":{"start":{"line":162,"column":0},"end":{"line":165,"column":1}},"locations":[{"start":{"line":162,"column":0},"end":{"line":165,"column":1}}]}},"b":{"0":[27],"1":[8],"2":[8],"3":[8],"4":[4],"5":[4],"6":[2],"7":[4],"8":[3],"9":[3],"10":[2],"11":[5],"12":[0],"13":[1],"14":[1],"15":[2],"16":[1],"17":[0],"18":[0],"19":[0],"20":[0],"21":[5],"22":[4],"23":[0],"24":[2],"25":[0],"26":[1],"27":[3]},"fnMap":{"0":{"name":"WPApiError","decl":{"start":{"line":29,"column":2},"end":{"line":49,"column":3}},"loc":{"start":{"line":29,"column":2},"end":{"line":49,"column":3}},"line":29},"1":{"name":"get isClientError","decl":{"start":{"line":54,"column":2},"end":{"line":56,"column":3}},"loc":{"start":{"line":54,"column":2},"end":{"line":56,"column":3}},"line":54},"2":{"name":"get isServerError","decl":{"start":{"line":61,"column":2},"end":{"line":63,"column":3}},"loc":{"start":{"line":61,"column":2},"end":{"line":63,"column":3}},"line":61},"3":{"name":"get isAuthError","decl":{"start":{"line":68,"column":2},"end":{"line":70,"column":3}},"loc":{"start":{"line":68,"column":2},"end":{"line":70,"column":3}},"line":68},"4":{"name":"get isNotFound","decl":{"start":{"line":75,"column":2},"end":{"line":77,"column":3}},"loc":{"start":{"line":75,"column":2},"end":{"line":77,"column":3}},"line":75},"5":{"name":"get isRateLimitError","decl":{"start":{"line":82,"column":2},"end":{"line":84,"column":3}},"loc":{"start":{"line":82,"column":2},"end":{"line":84,"column":3}},"line":82},"6":{"name":"get userMessage","decl":{"start":{"line":89,"column":2},"end":{"line":110,"column":3}},"loc":{"start":{"line":89,"column":2},"end":{"line":110,"column":3}},"line":89},"7":{"name":"fromResponse","decl":{"start":{"line":115,"column":2},"end":{"line":139,"column":3}},"loc":{"start":{"line":115,"column":2},"end":{"line":139,"column":3}},"line":115},"8":{"name":"toJSON","decl":{"start":{"line":144,"column":2},"end":{"line":156,"column":3}},"loc":{"start":{"line":144,"column":2},"end":{"line":156,"column":3}},"line":144},"9":{"name":"handleApiError","decl":{"start":{"line":162,"column":0},"end":{"line":165,"column":1}},"loc":{"start":{"line":162,"column":0},"end":{"line":165,"column":1}},"line":162}},"f":{"0":27,"1":4,"2":4,"3":4,"4":3,"5":2,"6":5,"7":5,"8":1,"9":3}}
,"/Users/angelayachboadas/git/wpjs-api/src/api/http.test.ts": {"path":"/Users/angelayachboadas/git/wpjs-api/src/api/http.test.ts","all":false,"statementMap":{"0":{"start":{"line":1,"column":0},"end":{"line":1,"column":62}},"1":{"start":{"line":2,"column":0},"end":{"line":2,"column":72}},"3":{"start":{"line":4,"column":0},"end":{"line":4,"column":37}},"4":{"start":{"line":5,"column":0},"end":{"line":5,"column":67}},"5":{"start":{"line":6,"column":0},"end":{"line":6,"column":41}},"6":{"start":{"line":7,"column":0},"end":{"line":7,"column":39}},"7":{"start":{"line":8,"column":0},"end":{"line":8,"column":5}},"9":{"start":{"line":10,"column":0},"end":{"line":10,"column":52}},"10":{"start":{"line":11,"column":0},"end":{"line":11,"column":64}},"11":{"start":{"line":12,"column":0},"end":{"line":12,"column":57}},"12":{"start":{"line":13,"column":0},"end":{"line":13,"column":5}},"14":{"start":{"line":15,"column":0},"end":{"line":15,"column":42}},"15":{"start":{"line":16,"column":0},"end":{"line":16,"column":64}},"16":{"start":{"line":17,"column":0},"end":{"line":17,"column":37}},"17":{"start":{"line":18,"column":0},"end":{"line":18,"column":45}},"18":{"start":{"line":19,"column":0},"end":{"line":19,"column":45}},"19":{"start":{"line":20,"column":0},"end":{"line":20,"column":45}},"20":{"start":{"line":21,"column":0},"end":{"line":21,"column":5}},"22":{"start":{"line":23,"column":0},"end":{"line":23,"column":44}},"23":{"start":{"line":24,"column":0},"end":{"line":24,"column":69}},"24":{"start":{"line":25,"column":0},"end":{"line":25,"column":45}},"25":{"start":{"line":26,"column":0},"end":{"line":26,"column":5}},"27":{"start":{"line":28,"column":0},"end":{"line":28,"column":54}},"28":{"start":{"line":29,"column":0},"end":{"line":29,"column":55}},"29":{"start":{"line":30,"column":0},"end":{"line":30,"column":50}},"30":{"start":{"line":31,"column":0},"end":{"line":31,"column":5}},"32":{"start":{"line":33,"column":0},"end":{"line":33,"column":53}},"33":{"start":{"line":34,"column":0},"end":{"line":34,"column":78}},"36":{"start":{"line":37,"column":0},"end":{"line":37,"column":50}},"37":{"start":{"line":38,"column":0},"end":{"line":38,"column":61}},"38":{"start":{"line":39,"column":0},"end":{"line":39,"column":5}},"40":{"start":{"line":41,"column":0},"end":{"line":41,"column":46}},"41":{"start":{"line":42,"column":0},"end":{"line":42,"column":38}},"42":{"start":{"line":43,"column":0},"end":{"line":43,"column":14}},"43":{"start":{"line":44,"column":0},"end":{"line":44,"column":19}},"44":{"start":{"line":45,"column":0},"end":{"line":45,"column":26}},"45":{"start":{"line":46,"column":0},"end":{"line":46,"column":19}},"46":{"start":{"line":47,"column":0},"end":{"line":47,"column":31}},"47":{"start":{"line":48,"column":0},"end":{"line":48,"column":24}},"48":{"start":{"line":49,"column":0},"end":{"line":49,"column":7}},"50":{"start":{"line":51,"column":0},"end":{"line":51,"column":37}},"51":{"start":{"line":52,"column":0},"end":{"line":52,"column":39}},"52":{"start":{"line":53,"column":0},"end":{"line":53,"column":44}},"53":{"start":{"line":54,"column":0},"end":{"line":54,"column":45}},"54":{"start":{"line":55,"column":0},"end":{"line":55,"column":46}},"55":{"start":{"line":56,"column":0},"end":{"line":56,"column":44}},"57":{"start":{"line":58,"column":0},"end":{"line":58,"column":50}},"58":{"start":{"line":59,"column":0},"end":{"line":59,"column":50}},"59":{"start":{"line":60,"column":0},"end":{"line":60,"column":43}},"60":{"start":{"line":61,"column":0},"end":{"line":61,"column":5}},"62":{"start":{"line":63,"column":0},"end":{"line":63,"column":49}},"63":{"start":{"line":64,"column":0},"end":{"line":64,"column":59}},"64":{"start":{"line":65,"column":0},"end":{"line":65,"column":41}},"65":{"start":{"line":66,"column":0},"end":{"line":66,"column":41}},"66":{"start":{"line":67,"column":0},"end":{"line":67,"column":5}},"68":{"start":{"line":69,"column":0},"end":{"line":69,"column":42}},"69":{"start":{"line":70,"column":0},"end":{"line":70,"column":57}},"70":{"start":{"line":71,"column":0},"end":{"line":71,"column":39}},"71":{"start":{"line":72,"column":0},"end":{"line":72,"column":5}},"72":{"start":{"line":73,"column":0},"end":{"line":73,"column":3}},"74":{"start":{"line":75,"column":0},"end":{"line":75,"column":28}},"75":{"start":{"line":76,"column":0},"end":{"line":76,"column":51}},"76":{"start":{"line":77,"column":0},"end":{"line":77,"column":68}},"77":{"start":{"line":78,"column":0},"end":{"line":78,"column":56}},"78":{"start":{"line":79,"column":0},"end":{"line":79,"column":5}},"80":{"start":{"line":81,"column":0},"end":{"line":81,"column":48}},"81":{"start":{"line":82,"column":0},"end":{"line":82,"column":65}},"82":{"start":{"line":83,"column":0},"end":{"line":83,"column":14}},"83":{"start":{"line":84,"column":0},"end":{"line":84,"column":19}},"84":{"start":{"line":85,"column":0},"end":{"line":85,"column":7}},"85":{"start":{"line":86,"column":0},"end":{"line":86,"column":75}},"86":{"start":{"line":87,"column":0},"end":{"line":87,"column":5}},"88":{"start":{"line":89,"column":0},"end":{"line":89,"column":57}},"90":{"start":{"line":91,"column":0},"end":{"line":91,"column":69}},"91":{"start":{"line":92,"column":0},"end":{"line":92,"column":57}},"92":{"start":{"line":93,"column":0},"end":{"line":93,"column":5}},"94":{"start":{"line":95,"column":0},"end":{"line":95,"column":56}},"96":{"start":{"line":97,"column":0},"end":{"line":97,"column":67}},"97":{"start":{"line":98,"column":0},"end":{"line":98,"column":55}},"98":{"start":{"line":99,"column":0},"end":{"line":99,"column":5}},"100":{"start":{"line":101,"column":0},"end":{"line":101,"column":74}},"102":{"start":{"line":103,"column":0},"end":{"line":103,"column":69}},"103":{"start":{"line":104,"column":0},"end":{"line":104,"column":70}},"104":{"start":{"line":105,"column":0},"end":{"line":105,"column":69}},"106":{"start":{"line":107,"column":0},"end":{"line":107,"column":57}},"107":{"start":{"line":108,"column":0},"end":{"line":108,"column":58}},"108":{"start":{"line":109,"column":0},"end":{"line":109,"column":57}},"109":{"start":{"line":110,"column":0},"end":{"line":110,"column":5}},"111":{"start":{"line":112,"column":0},"end":{"line":112,"column":56}},"112":{"start":{"line":113,"column":0},"end":{"line":113,"column":65}},"113":{"start":{"line":114,"column":0},"end":{"line":114,"column":25}},"114":{"start":{"line":115,"column":0},"end":{"line":115,"column":7}},"115":{"start":{"line":116,"column":0},"end":{"line":116,"column":42}},"116":{"start":{"line":117,"column":0},"end":{"line":117,"column":42}},"117":{"start":{"line":118,"column":0},"end":{"line":118,"column":5}},"118":{"start":{"line":119,"column":0},"end":{"line":119,"column":3}},"120":{"start":{"line":121,"column":0},"end":{"line":121,"column":37}},"121":{"start":{"line":122,"column":0},"end":{"line":122,"column":49}},"122":{"start":{"line":123,"column":0},"end":{"line":123,"column":56}},"123":{"start":{"line":124,"column":0},"end":{"line":124,"column":42}},"124":{"start":{"line":125,"column":0},"end":{"line":125,"column":5}},"126":{"start":{"line":127,"column":0},"end":{"line":127,"column":50}},"127":{"start":{"line":128,"column":0},"end":{"line":128,"column":59}},"128":{"start":{"line":129,"column":0},"end":{"line":129,"column":43}},"129":{"start":{"line":130,"column":0},"end":{"line":130,"column":5}},"131":{"start":{"line":132,"column":0},"end":{"line":132,"column":59}},"133":{"start":{"line":134,"column":0},"end":{"line":134,"column":57}},"134":{"start":{"line":135,"column":0},"end":{"line":135,"column":43}},"135":{"start":{"line":136,"column":0},"end":{"line":136,"column":5}},"137":{"start":{"line":138,"column":0},"end":{"line":138,"column":61}},"138":{"start":{"line":139,"column":0},"end":{"line":139,"column":55}},"139":{"start":{"line":140,"column":0},"end":{"line":140,"column":41}},"140":{"start":{"line":141,"column":0},"end":{"line":141,"column":5}},"142":{"start":{"line":143,"column":0},"end":{"line":143,"column":43}},"143":{"start":{"line":144,"column":0},"end":{"line":144,"column":59}},"144":{"start":{"line":145,"column":0},"end":{"line":145,"column":65}},"146":{"start":{"line":147,"column":0},"end":{"line":147,"column":43}},"147":{"start":{"line":148,"column":0},"end":{"line":148,"column":49}},"148":{"start":{"line":149,"column":0},"end":{"line":149,"column":5}},"149":{"start":{"line":150,"column":0},"end":{"line":150,"column":3}}},"s":{"0":1,"1":1,"3":1,"4":1,"5":1,"6":1,"7":1,"9":1,"10":1,"11":1,"12":1,"14":1,"15":1,"16":1,"17":1,"18":1,"19":1,"20":1,"22":1,"23":1,"24":1,"25":1,"27":1,"28":1,"29":1,"30":1,"32":1,"33":1,"36":1,"37":1,"38":1,"40":1,"41":1,"42":1,"43":1,"44":1,"45":1,"46":1,"47":1,"48":1,"50":1,"51":1,"52":1,"53":1,"54":1,"55":1,"57":1,"58":1,"59":1,"60":1,"62":1,"63":1,"64":1,"65":1,"66":1,"68":1,"69":1,"70":1,"71":1,"72":1,"74":1,"75":1,"76":1,"77":1,"78":1,"80":1,"81":1,"82":1,"83":1,"84":1,"85":1,"86":1,"88":1,"90":1,"91":1,"92":1,"94":1,"96":1,"97":1,"98":1,"100":1,"102":1,"103":1,"104":1,"106":1,"107":1,"108":1,"109":1,"111":1,"112":1,"113":1,"114":1,"115":1,"116":1,"117":1,"118":1,"120":1,"121":1,"122":1,"123":1,"124":1,"126":1,"127":1,"128":1,"129":1,"131":1,"133":1,"134":1,"135":1,"137":1,"138":1,"139":1,"140":1,"142":1,"143":1,"144":1,"146":1,"147":1,"148":1,"149":1},"branchMap":{"0":{"type":"branch","line":4,"loc":{"start":{"line":4,"column":30},"end":{"line":73,"column":3}},"locations":[{"start":{"line":4,"column":30},"end":{"line":73,"column":3}}]},"1":{"type":"branch","line":5,"loc":{"start":{"line":5,"column":60},"end":{"line":8,"column":3}},"locations":[{"start":{"line":5,"column":60},"end":{"line":8,"column":3}}]},"2":{"type":"branch","line":10,"loc":{"start":{"line":10,"column":45},"end":{"line":13,"column":3}},"locations":[{"start":{"line":10,"column":45},"end":{"line":13,"column":3}}]},"3":{"type":"branch","line":15,"loc":{"start":{"line":15,"column":35},"end":{"line":21,"column":3}},"locations":[{"start":{"line":15,"column":35},"end":{"line":21,"column":3}}]},"4":{"type":"branch","line":23,"loc":{"start":{"line":23,"column":37},"end":{"line":26,"column":3}},"locations":[{"start":{"line":23,"column":37},"end":{"line":26,"column":3}}]},"5":{"type":"branch","line":28,"loc":{"start":{"line":28,"column":47},"end":{"line":31,"column":3}},"locations":[{"start":{"line":28,"column":47},"end":{"line":31,"column":3}}]},"6":{"type":"branch","line":33,"loc":{"start":{"line":33,"column":46},"end":{"line":39,"column":3}},"locations":[{"start":{"line":33,"column":46},"end":{"line":39,"column":3}}]},"7":{"type":"branch","line":41,"loc":{"start":{"line":41,"column":39},"end":{"line":61,"column":3}},"locations":[{"start":{"line":41,"column":39},"end":{"line":61,"column":3}}]},"8":{"type":"branch","line":63,"loc":{"start":{"line":63,"column":42},"end":{"line":67,"column":3}},"locations":[{"start":{"line":63,"column":42},"end":{"line":67,"column":3}}]},"9":{"type":"branch","line":69,"loc":{"start":{"line":69,"column":35},"end":{"line":72,"column":3}},"locations":[{"start":{"line":69,"column":35},"end":{"line":72,"column":3}}]},"10":{"type":"branch","line":75,"loc":{"start":{"line":75,"column":21},"end":{"line":119,"column":3}},"locations":[{"start":{"line":75,"column":21},"end":{"line":119,"column":3}}]},"11":{"type":"branch","line":76,"loc":{"start":{"line":76,"column":44},"end":{"line":79,"column":3}},"locations":[{"start":{"line":76,"column":44},"end":{"line":79,"column":3}}]},"12":{"type":"branch","line":81,"loc":{"start":{"line":81,"column":41},"end":{"line":87,"column":3}},"locations":[{"start":{"line":81,"column":41},"end":{"line":87,"column":3}}]},"13":{"type":"branch","line":89,"loc":{"start":{"line":89,"column":50},"end":{"line":93,"column":3}},"locations":[{"start":{"line":89,"column":50},"end":{"line":93,"column":3}}]},"14":{"type":"branch","line":95,"loc":{"start":{"line":95,"column":49},"end":{"line":99,"column":3}},"locations":[{"start":{"line":95,"column":49},"end":{"line":99,"column":3}}]},"15":{"type":"branch","line":101,"loc":{"start":{"line":101,"column":67},"end":{"line":110,"column":3}},"locations":[{"start":{"line":101,"column":67},"end":{"line":110,"column":3}}]},"16":{"type":"branch","line":112,"loc":{"start":{"line":112,"column":49},"end":{"line":118,"column":3}},"locations":[{"start":{"line":112,"column":49},"end":{"line":118,"column":3}}]},"17":{"type":"branch","line":121,"loc":{"start":{"line":121,"column":30},"end":{"line":150,"column":3}},"locations":[{"start":{"line":121,"column":30},"end":{"line":150,"column":3}}]},"18":{"type":"branch","line":122,"loc":{"start":{"line":122,"column":42},"end":{"line":125,"column":3}},"locations":[{"start":{"line":122,"column":42},"end":{"line":125,"column":3}}]},"19":{"type":"branch","line":127,"loc":{"start":{"line":127,"column":43},"end":{"line":130,"column":3}},"locations":[{"start":{"line":127,"column":43},"end":{"line":130,"column":3}}]},"20":{"type":"branch","line":132,"loc":{"start":{"line":132,"column":52},"end":{"line":136,"column":3}},"locations":[{"start":{"line":132,"column":52},"end":{"line":136,"column":3}}]},"21":{"type":"branch","line":138,"loc":{"start":{"line":138,"column":54},"end":{"line":141,"column":3}},"locations":[{"start":{"line":138,"column":54},"end":{"line":141,"column":3}}]},"22":{"type":"branch","line":143,"loc":{"start":{"line":143,"column":36},"end":{"line":149,"column":3}},"locations":[{"start":{"line":143,"column":36},"end":{"line":149,"column":3}}]}},"b":{"0":[1],"1":[1],"2":[1],"3":[1],"4":[1],"5":[1],"6":[1],"7":[1],"8":[1],"9":[1],"10":[1],"11":[1],"12":[1],"13":[1],"14":[1],"15":[1],"16":[1],"17":[1],"18":[1],"19":[1],"20":[1],"21":[1],"22":[1]},"fnMap":{},"f":{}}
[...]
ne":64,"column":0},"end":{"line":64,"column":7}},"64":{"start":{"line":65,"column":0},"end":{"line":65,"column":5}},"66":{"start":{"line":67,"column":0},"end":{"line":67,"column":28}},"67":{"start":{"line":68,"column":0},"end":{"line":68,"column":51}},"68":{"start":{"line":69,"column":0},"end":{"line":69,"column":41}},"69":{"start":{"line":70,"column":0},"end":{"line":70,"column":27}},"70":{"start":{"line":71,"column":0},"end":{"line":71,"column":9}},"72":{"start":{"line":73,"column":0},"end":{"line":73,"column":61}},"73":{"start":{"line":74,"column":0},"end":{"line":74,"column":54}},"74":{"start":{"line":75,"column":0},"end":{"line":75,"column":61}},"75":{"start":{"line":76,"column":0},"end":{"line":76,"column":7}},"77":{"start":{"line":78,"column":0},"end":{"line":78,"column":79}},"78":{"start":{"line":79,"column":0},"end":{"line":79,"column":40}},"79":{"start":{"line":80,"column":0},"end":{"line":80,"column":9}},"80":{"start":{"line":81,"column":0},"end":{"line":81,"column":26}},"81":{"start":{"line":82,"column":0},"end":{"line":82,"column":37}},"82":{"start":{"line":83,"column":0},"end":{"line":83,"column":10}},"83":{"start":{"line":84,"column":0},"end":{"line":84,"column":29}},"85":{"start":{"line":86,"column":0},"end":{"line":86,"column":9}},"86":{"start":{"line":87,"column":0},"end":{"line":87,"column":8}},"88":{"start":{"line":89,"column":0},"end":{"line":89,"column":41}},"89":{"start":{"line":90,"column":0},"end":{"line":90,"column":50}},"90":{"start":{"line":91,"column":0},"end":{"line":91,"column":7}},"91":{"start":{"line":92,"column":0},"end":{"line":92,"column":5}},"93":{"start":{"line":94,"column":0},"end":{"line":94,"column":28}},"94":{"start":{"line":95,"column":0},"end":{"line":95,"column":46}},"95":{"start":{"line":96,"column":0},"end":{"line":96,"column":41}},"96":{"start":{"line":97,"column":0},"end":{"line":97,"column":36}},"97":{"start":{"line":98,"column":0},"end":{"line":98,"column":9}},"99":{"start":{"line":100,"column":0},"end":{"line":100,"column":61}},"100":{"start":{"line":101,"column":0},"end":{"line":101,"column":50}},"101":{"start":{"line":102,"column":0},"end":{"line":102,"column":61}},"102":{"start":{"line":103,"column":0},"end":{"line":103,"column":7}},"103":{"start":{"line":104,"column":0},"end":{"line":104,"column":5}},"105":{"start":{"line":106,"column":0},"end":{"line":106,"column":27}},"106":{"start":{"line":107,"column":0},"end":{"line":107,"column":54}},"107":{"start":{"line":108,"column":0},"end":{"line":108,"column":40}},"108":{"start":{"line":109,"column":0},"end":{"line":109,"column":29}},"109":{"start":{"line":110,"column":0},"end":{"line":110,"column":9}},"111":{"start":{"line":112,"column":0},"end":{"line":112,"column":61}},"112":{"start":{"line":113,"column":0},"end":{"line":113,"column":51}},"113":{"start":{"line":114,"column":0},"end":{"line":114,"column":56}},"114":{"start":{"line":115,"column":0},"end":{"line":115,"column":7}},"115":{"start":{"line":116,"column":0},"end":{"line":116,"column":5}},"117":{"start":{"line":118,"column":0},"end":{"line":118,"column":26}},"118":{"start":{"line":119,"column":0},"end":{"line":119,"column":74}},"119":{"start":{"line":120,"column":0},"end":{"line":120,"column":39}},"120":{"start":{"line":121,"column":0},"end":{"line":121,"column":25}},"121":{"start":{"line":122,"column":0},"end":{"line":122,"column":28}},"122":{"start":{"line":123,"column":0},"end":{"line":123,"column":9}},"124":{"start":{"line":125,"column":0},"end":{"line":125,"column":39}},"125":{"start":{"line":126,"column":0},"end":{"line":126,"column":47}},"126":{"start":{"line":127,"column":0},"end":{"line":127,"column":56}},"127":{"start":{"line":128,"column":0},"end":{"line":128,"column":7}},"128":{"start":{"line":129,"column":0},"end":{"line":129,"column":5}},"130":{"start":{"line":131,"column":0},"end":{"line":131,"column":28}},"131":{"start":{"line":132,"column":0},"end":{"line":132,"column":61}},"132":{"start":{"line":133,"column":0},"end":{"line":133,"column":41}},"133":{"start":{"line":134,"column":0},"end":{"line":134,"column":30}},"134":{"start":{"line":135,"column":0},"end":{"line":135,"column":34}},"135":{"start":{"line":136,"column":0},"end":{"line":136,"column":33}},"136":{"start":{"line":137,"column":0},"end":{"line":137,"column":9}},"138":{"start":{"line":139,"column":0},"end":{"line":139,"column":61}},"139":{"start":{"line":140,"column":0},"end":{"line":140,"column":54}},"140":{"start":{"line":141,"column":0},"end":{"line":141,"column":61}},"141":{"start":{"line":142,"column":0},"end":{"line":142,"column":7}},"143":{"start":{"line":144,"column":0},"end":{"line":144,"column":52}},"144":{"start":{"line":145,"column":0},"end":{"line":145,"column":41}},"145":{"start":{"line":146,"column":0},"end":{"line":146,"column":30}},"146":{"start":{"line":147,"column":0},"end":{"line":147,"column":34}},"147":{"start":{"line":148,"column":0},"end":{"line":148,"column":24}},"148":{"start":{"line":149,"column":0},"end":{"line":149,"column":9}},"150":{"start":{"line":151,"column":0},"end":{"line":151,"column":39}},"151":{"start":{"line":152,"column":0},"end":{"line":152,"column":7}},"153":{"start":{"line":154,"column":0},"end":{"line":154,"column":79}},"154":{"start":{"line":155,"column":0},"end":{"line":155,"column":40}},"155":{"start":{"line":156,"column":0},"end":{"line":156,"column":9}},"156":{"start":{"line":157,"column":0},"end":{"line":157,"column":32}},"157":{"start":{"line":158,"column":0},"end":{"line":158,"column":36}},"158":{"start":{"line":159,"column":0},"end":{"line":159,"column":35}},"159":{"start":{"line":160,"column":0},"end":{"line":160,"column":37}},"160":{"start":{"line":161,"column":0},"end":{"line":161,"column":10}},"161":{"start":{"line":162,"column":0},"end":{"line":162,"column":29}},"163":{"start":{"line":164,"column":0},"end":{"line":164,"column":9}},"164":{"start":{"line":165,"column":0},"end":{"line":165,"column":8}},"166":{"start":{"line":167,"column":0},"end":{"line":167,"column":41}},"167":{"start":{"line":168,"column":0},"end":{"line":168,"column":50}},"168":{"start":{"line":169,"column":0},"end":{"line":169,"column":7}},"169":{"start":{"line":170,"column":0},"end":{"line":170,"column":5}},"170":{"start":{"line":171,"column":0},"end":{"line":171,"column":3}}},"s":{"0":1,"1":1,"3":1,"4":1,"5":1,"6":1,"7":1,"8":1,"9":1,"11":1,"12":1,"13":1,"14":1,"15":1,"16":1,"18":1,"19":1,"20":1,"23":1,"24":1,"25":1,"26":1,"28":1,"29":1,"30":1,"31":1,"32":1,"34":1,"35":1,"36":1,"37":1,"38":1,"40":1,"41":1,"42":1,"43":1,"44":1,"46":1,"47":1,"48":1,"49":1,"50":1,"52":1,"54":1,"55":1,"56":1,"57":1,"59":1,"61":1,"62":1,"63":1,"64":1,"66":1,"67":1,"68":1,"69":1,"70":1,"72":1,"73":1,"74":1,"75":1,"77":1,"78":1,"79":1,"80":1,"81":1,"82":1,"83":1,"85":0,"86":1,"88":1,"89":1,"90":1,"91":1,"93":1,"94":1,"95":1,"96":1,"97":1,"99":1,"100":1,"101":1,"102":1,"103":1,"105":1,"106":1,"107":1,"108":1,"109":1,"111":1,"112":1,"113":1,"114":1,"115":1,"117":1,"118":1,"119":1,"120":1,"121":1,"122":1,"124":1,"125":1,"126":1,"127":1,"128":1,"130":1,"131":1,"132":1,"133":1,"134":1,"135":1,"136":1,"138":1,"139":1,"140":1,"141":1,"143":1,"144":1,"145":1,"146":1,"147":1,"148":1,"150":1,"151":1,"153":1,"154":1,"155":1,"156":1,"157":1,"158":1,"159":1,"160":1,"161":1,"163":0,"164":1,"166":1,"167":1,"168":1,"169":1,"170":1},"branchMap":{"0":{"type":"branch","line":4,"loc":{"start":{"line":4,"column":26},"end":{"line":171,"column":3}},"locations":[{"start":{"line":4,"column":26},"end":{"line":171,"column":3}}]},"1":{"type":"branch","line":5,"loc":{"start":{"line":5,"column":19},"end":{"line":10,"column":3}},"locations":[{"start":{"line":5,"column":19},"end":{"line":10,"column":3}}]},"2":{"type":"branch","line":6,"loc":{"start":{"line":6,"column":38},"end":{"line":9,"column":5}},"locations":[{"start":{"line":6,"column":38},"end":{"line":9,"column":5}}]},"3":{"type":"branch","line":12,"loc":{"start":{"line":12,"column":20},"end":{"line":65,"column":3}},"locations":[{"start":{"line":12,"column":20},"end":{"line":65,"column":3}}]},"4":{"type":"branch","line":13,"loc":{"start":{"line":13,"column":71},"end":{"line":27,"column":5}},"locations":[{"start":{"line":13,"column":71},"end":{"line":27,"column":5}}]},"5":{"type":"branch","line":29,"loc":{"start":{"line":29,"column":58},"end":{"line":39,"column":5}},"locations":[{"start":{"line":29,"column":58},"end":{"line":39,"column":5}}]},"6":{"type":"branch","line":41,"loc":{"start":{"line":41,"column":39},"end":{"line":51,"column":5}},"locations":[{"start":{"line":41,"column":39},"end":{"line":51,"column":5}}]},"7":{"type":"branch","line":53,"loc":{"start":{"line":53,"column":51},"end":{"line":64,"column":5}},"locations":[{"start":{"line":53,"column":51},"end":{"line":64,"column":5}}]},"8":{"type":"branch","line":67,"loc":{"start":{"line":67,"column":21},"end":{"line":92,"column":3}},"locations":[{"start":{"line":67,"column":21},"end":{"line":92,"column":3}}]},"9":{"type":"branch","line":68,"loc":{"start":{"line":68,"column":44},"end":{"line":76,"column":5}},"locations":[{"start":{"line":68,"column":44},"end":{"line":76,"column":5}}]},"10":{"type":"branch","line":78,"loc":{"start":{"line":78,"column":72},"end":{"line":91,"column":5}},"locations":[{"start":{"line":78,"column":72},"end":{"line":91,"column":5}}]},"11":{"type":"branch","line":94,"loc":{"start":{"line":94,"column":21},"end":{"line":104,"column":3}},"locations":[{"start":{"line":94,"column":21},"end":{"line":104,"column":3}}]},"12":{"type":"branch","line":95,"loc":{"start":{"line":95,"column":39},"end":{"line":103,"column":5}},"locations":[{"start":{"line":95,"column":39},"end":{"line":103,"column":5}}]},"13":{"type":"branch","line":106,"loc":{"start":{"line":106,"column":20},"end":{"line":116,"column":3}},"locations":[{"start":{"line":106,"column":20},"end":{"line":116,"column":3}}]},"14":{"type":"branch","line":107,"loc":{"start":{"line":107,"column":47},"end":{"line":115,"column":5}},"locations":[{"start":{"line":107,"column":47},"end":{"line":115,"column":5}}]},"15":{"type":"branch","line":118,"loc":{"start":{"line":118,"column":19},"end":{"line":129,"column":3}},"locations":[{"start":{"line":118,"column":19},"end":{"line":129,"column":3}}]},"16":{"type":"branch","line":119,"loc":{"start":{"line":119,"column":67},"end":{"line":128,"column":5}},"locations":[{"start":{"line":119,"column":67},"end":{"line":128,"column":5}}]},"17":{"type":"branch","line":131,"loc":{"start":{"line":131,"column":21},"end":{"line":170,"column":3}},"locations":[{"start":{"line":131,"column":21},"end":{"line":170,"column":3}}]},"18":{"type":"branch","line":132,"loc":{"start":{"line":132,"column":54},"end":{"line":142,"column":5}},"locations":[{"start":{"line":132,"column":54},"end":{"line":142,"column":5}}]},"19":{"type":"branch","line":144,"loc":{"start":{"line":144,"column":45},"end":{"line":152,"column":5}},"locations":[{"start":{"line":144,"column":45},"end":{"line":152,"column":5}}]},"20":{"type":"branch","line":154,"loc":{"start":{"line":154,"column":72},"end":{"line":169,"column":5}},"locations":[{"start":{"line":154,"column":72},"end":{"line":169,"column":5}}]}},"b":{"0":[1],"1":[1],"2":[1],"3":[1],"4":[1],"5":[1],"6":[1],"7":[1],"8":[1],"9":[1],"10":[1],"11":[1],"12":[1],"13":[1],"14":[1],"15":[1],"16":[1],"17":[1],"18":[1],"19":[1],"20":[1]},"fnMap":{},"f":{}}
,"/Users/angelayachboadas/git/wpjs-api/src/auth/providers.ts": {"path":"/Users/angelayachboadas/git/wpjs-api/src/auth/providers.ts","all":false,"statementMap":{"11":{"start":{"line":12,"column":0},"end":{"line":12,"column":28}},"12":{"start":{"line":13,"column":0},"end":{"line":13,"column":31}},"13":{"start":{"line":14,"column":0},"end":{"line":14,"column":12}},"14":{"start":{"line":15,"column":0},"end":{"line":15,"column":18}},"15":{"start":{"line":16,"column":0},"end":{"line":16,"column":6}},"16":{"start":{"line":17,"column":0},"end":{"line":17,"column":3}},"18":{"start":{"line":19,"column":0},"end":{"line":19,"column":65}},"21":{"start":{"line":22,"column":0},"end":{"line":22,"column":35}},"22":{"start":{"line":23,"column":0},"end":{"line":23,"column":55}},"23":{"start":{"line":24,"column":0},"end":{"line":24,"column":6}},"25":{"start":{"line":26,"column":0},"end":{"line":26,"column":12}},"26":{"start":{"line":27,"column":0},"end":{"line":27,"column":16}},"27":{"start":{"line":28,"column":0},"end":{"line":28,"column":52}},"28":{"start":{"line":29,"column":0},"end":{"line":29,"column":8}},"29":{"start":{"line":30,"column":0},"end":{"line":30,"column":6}},"30":{"start":{"line":31,"column":0},"end":{"line":31,"column":3}},"32":{"start":{"line":33,"column":0},"end":{"line":33,"column":16}},"33":{"start":{"line":34,"column":0},"end":{"line":34,"column":39}},"34":{"start":{"line":35,"column":0},"end":{"line":35,"column":58}},"35":{"start":{"line":36,"column":0},"end":{"line":36,"column":19}},"36":{"start":{"line":37,"column":0},"end":{"line":37,"column":12}},"37":{"start":{"line":38,"column":0},"end":{"line":38,"column":16}},"38":{"start":{"line":39,"column":0},"end":{"line":39,"column":53}},"39":{"start":{"line":40,"column":0},"end":{"line":40,"column":8}},"40":{"start":{"line":41,"column":0},"end":{"line":41,"column":28}},"41":{"start":{"line":42,"column":0},"end":{"line":42,"column":52}},"46":{"start":{"line":47,"column":0},"end":{"line":47,"column":9}},"47":{"start":{"line":48,"column":0},"end":{"line":48,"column":8}},"48":{"start":{"line":49,"column":0},"end":{"line":49,"column":6}},"49":{"start":{"line":50,"column":0},"end":{"line":50,"column":3}},"51":{"start":{"line":52,"column":0},"end":{"line":52,"column":67}},"52":{"start":{"line":53,"column":0},"end":{"line":53,"column":12}},"53":{"start":{"line":54,"column":0},"end":{"line":54,"column":16}},"54":{"start":{"line":55,"column":0},"end":{"line":55,"column":40}},"55":{"start":{"line":56,"column":0},"end":{"line":56,"column":8}},"56":{"start":{"line":57,"column":0},"end":{"line":57,"column":6}},"57":{"start":{"line":58,"column":0},"end":{"line":58,"column":3}},"59":{"start":{"line":60,"column":0},"end":{"line":60,"column":63}},"60":{"start":{"line":61,"column":0},"end":{"line":61,"column":12}},"61":{"start":{"line":62,"column":0},"end":{"line":62,"column":18}},"62":{"start":{"line":63,"column":0},"end":{"line":63,"column":34}},"66":{"start":{"line":67,"column":0},"end":{"line":67,"column":8}},"67":{"start":{"line":68,"column":0},"end":{"line":68,"column":6}},"68":{"start":{"line":69,"column":0},"end":{"line":69,"column":3}},"70":{"start":{"line":71,"column":0},"end":{"line":71,"column":65}},"71":{"start":{"line":72,"column":0},"end":{"line":72,"column":12}},"72":{"start":{"line":73,"column":0},"end":{"line":73,"column":16}},"73":{"start":{"line":74,"column":0},"end":{"line":74,"column":40}},"74":{"start":{"line":75,"column":0},"end":{"line":75,"column":8}},"75":{"start":{"line":76,"column":0},"end":{"line":76,"column":6}},"76":{"start":{"line":77,"column":0},"end":{"line":77,"column":3}},"78":{"start":{"line":79,"column":0},"end":{"line":79,"column":16}},"79":{"start":{"line":80,"column":0},"end":{"line":80,"column":35}},"80":{"start":{"line":81,"column":0},"end":{"line":81,"column":58}},"81":{"start":{"line":82,"column":0},"end":{"line":82,"column":19}},"82":{"start":{"line":83,"column":0},"end":{"line":83,"column":12}},"83":{"start":{"line":84,"column":0},"end":{"line":84,"column":38}},"84":{"start":{"line":85,"column":0},"end":{"line":85,"column":11}},"85":{"start":{"line":86,"column":0},"end":{"line":86,"column":63}},"86":{"start":{"line":87,"column":0},"end":{"line":87,"column":11}},"87":{"start":{"line":88,"column":0},"end":{"line":88,"column":13}},"88":{"start":{"line":89,"column":0},"end":{"line":89,"column":28}},"89":{"start":{"line":90,"column":0},"end":{"line":90,"column":52}},"94":{"start":{"line":95,"column":0},"end":{"line":95,"column":9}},"95":{"start":{"line":96,"column":0},"end":{"line":96,"column":8}},"96":{"start":{"line":97,"column":0},"end":{"line":97,"column":6}},"97":{"start":{"line":98,"column":0},"end":{"line":98,"column":3}},"98":{"start":{"line":99,"column":0},"end":{"line":99,"column":1}}},"s":{"11":1,"12":1,"13":1,"14":1,"15":1,"16":1,"18":1,"21":4,"22":4,"23":4,"25":4,"26":4,"27":4,"28":4,"29":4,"30":4,"32":1,"33":2,"34":2,"35":2,"36":2,"37":2,"38":2,"39":2,"40":2,"41":0,"46":0,"47":0,"48":2,"49":2,"51":1,"52":1,"53":1,"54":1,"55":1,"56":1,"57":1,"59":1,"60":1,"61":1,"62":1,"66":0,"67":1,"68":1,"70":1,"71":1,"72":1,"73":1,"74":1,"75":1,"76":1,"78":1,"79":3,"80":3,"81":3,"82":3,"83":3,"84":2,"85":2,"86":2,"87":1,"88":3,"89":0,"94":0,"95":0,"96":3,"97":3,"98":1},"branchMap":{"0":{"type":"branch","line":13,"loc":{"start":{"line":13,"column":9},"end":{"line":17,"column":3}},"locations":[{"start":{"line":13,"column":9},"end":{"line":17,"column":3}}]},"1":{"type":"branch","line":19,"loc":{"start":{"line":19,"column":9},"end":{"line":31,"column":3}},"locations":[{"start":{"line":19,"column":9},"end":{"line":31,"column":3}}]},"2":{"type":"branch","line":33,"loc":{"start":{"line":33,"column":9},"end":{"line":50,"column":3}},"locations":[{"start":{"line":33,"column":9},"end":{"line":50,"column":3}}]},"3":{"type":"branch","line":52,"loc":{"start":{"line":52,"column":9},"end":{"line":58,"column":3}},"locations":[{"start":{"line":52,"column":9},"end":{"line":58,"column":3}}]},"4":{"type":"branch","line":60,"loc":{"start":{"line":60,"column":9},"end":{"line":69,"column":3}},"locations":[{"start":{"line":60,"column":9},"end":{"line":69,"column":3}}]},"5":{"type":"branch","line":71,"loc":{"start":{"line":71,"column":9},"end":{"line":77,"column":3}},"locations":[{"start":{"line":71,"column":9},"end":{"line":77,"column":3}}]},"6":{"type":"branch","line":79,"loc":{"start":{"line":79,"column":9},"end":{"line":98,"column":3}},"locations":[{"start":{"line":79,"column":9},"end":{"line":98,"column":3}}]},"7":{"type":"branch","line":84,"loc":{"start":{"line":84,"column":27},"end":{"line":87,"column":11}},"locations":[{"start":{"line":84,"column":27},"end":{"line":87,"column":11}}]},"8":{"type":"branch","line":87,"loc":{"start":{"line":87,"column":10},"end":{"line":88,"column":13}},"locations":[{"start":{"line":87,"column":10},"end":{"line":88,"column":13}}]}},"b":{"0":[1],"1":[4],"2":[2],"3":[1],"4":[1],"5":[1],"6":[3],"7":[2],"8":[1]},"fnMap":{"0":{"name":"none","decl":{"start":{"line":13,"column":9},"end":{"line":17,"column":3}},"loc":{"start":{"line":13,"column":9},"end":{"line":17,"column":3}},"line":13},"1":{"name":"basic","decl":{"start":{"line":19,"column":9},"end":{"line":31,"column":3}},"loc":{"start":{"line":19,"column":9},"end":{"line":31,"column":3}},"line":19},"2":{"name":"bearer","decl":{"start":{"line":33,"column":9},"end":{"line":50,"column":3}},"loc":{"start":{"line":33,"column":9},"end":{"line":50,"column":3}},"line":33},"3":{"name":"refresh","decl":{"start":{"line":41,"column":15},"end":{"line":48,"column":8}},"loc":{"start":{"line":41,"column":15},"end":{"line":48,"column":8}},"line":41},"4":{"name":"apiKey","decl":{"start":{"line":52,"column":9},"end":{"line":58,"column":3}},"loc":{"start":{"line":52,"column":9},"end":{"line":58,"column":3}},"line":52},"5":{"name":"hmac","decl":{"start":{"line":60,"column":9},"end":{"line":69,"column":3}},"loc":{"start":{"line":60,"column":9},"end":{"line":69,"column":3}},"line":60},"6":{"name":"beforeRequest","decl":{"start":{"line":63,"column":21},"end":{"line":67,"column":8}},"loc":{"start":{"line":63,"column":21},"end":{"line":67,"column":8}},"line":63},"7":{"name":"nonce","decl":{"start":{"line":71,"column":9},"end":{"line":77,"column":3}},"loc":{"start":{"line":71,"column":9},"end":{"line":77,"column":3}},"line":71},"8":{"name":"oauth2","decl":{"start":{"line":79,"column":9},"end":{"line":98,"column":3}},"loc":{"start":{"line":79,"column":9},"end":{"line":98,"column":3}},"line":79},"9":{"name":"refresh","decl":{"start":{"line":89,"column":15},"end":{"line":96,"column":8}},"loc":{"start":{"line":89,"column":15},"end":{"line":96,"column":8}},"line":89}},"f":{"0":1,"1":4,"2":2,"3":0,"4":1,"5":1,"6":0,"7":1,"8":3,"9":0}}
}
